[0mPOST /api/auth/signin [33m401 [0m0.767 ms - -[0m
[0mPOST /api/auth/signin [33m401 [0m30.178 ms - -[0m
[0mPOST /api/auth/signin [33m401 [0m2.503 ms - -[0m
[0mPOST /api/auth/signin [33m401 [0m29.787 ms - -[0m
[0mPOST /api/auth/signin [33m401 [0m31.028 ms - -[0m
[0mPOST /api/auth/signin [33m401 [0m1573.590 ms - 84[0m
[0mPOST /api/auth/signin [33m401 [0m34.657 ms - -[0m
[0mPOST /api/auth/signin [33m401 [0m30.218 ms - -[0m
[0mPOST /api/auth/signin [33m401 [0m1959.625 ms - 84[0m
[0mPOST /api/auth/signin [32m200 [0m150.013 ms - 249[0m
[0mGET /api/admin/user [33m401 [0m6.309 ms - -[0m
[0mGET /api/admin/user [32m200 [0m110.732 ms - 2[0m
[0mGET /api/admin/user [32m200 [0m101.884 ms - 10034[0m
[0mGET /api/admin/user [32m200 [0m43.416 ms - 2[0m
[0mGET /api/admin/user [32m200 [0m1693.253 ms - 316[0m
[0mGET /api/admin/user [32m200 [0m1724.903 ms - 316[0m
[0mGET /api/admin/user [32m200 [0m101.146 ms - 316[0m
[0mGET /api/admin/user [32m200 [0m2000.275 ms - 655[0m
[0mGET /api/admin/user [32m200 [0m2020.818 ms - 1291[0m
[0mOPTIONS /api/admin/user [32m204 [0m5.271 ms - 0[0m
[0mGET /api/admin/user [32m200 [0m83.199 ms - 1753[0m
[0mOPTIONS /api/admin/user [32m204 [0m0.477 ms - 0[0m
[0mGET /api/admin/user [36m304 [0m22.311 ms - -[0m
[0mOPTIONS /api/admin/user [32m204 [0m0.141 ms - 0[0m
[0mGET /api/admin/user [36m304 [0m15.178 ms - -[0m
[0mOPTIONS /api/admin/user [32m204 [0m0.178 ms - 0[0m
[0mGET /api/admin/user [36m304 [0m14.427 ms - -[0m
[0mOPTIONS /api/admin/user [32m204 [0m0.165 ms - 0[0m
[0mGET /api/admin/user [36m304 [0m17.679 ms - -[0m
[0mOPTIONS /api/admin/user [32m204 [0m0.190 ms - 0[0m
[0mGET /api/admin/user [36m304 [0m17.730 ms - -[0m
[0mOPTIONS /api/admin/user [32m204 [0m0.178 ms - 0[0m
[0mGET /api/admin/user [36m304 [0m17.548 ms - -[0m
[0mOPTIONS /api/admin/user [32m204 [0m0.155 ms - 0[0m
[0mGET /api/admin/user [36m304 [0m23.982 ms - -[0m
[0mOPTIONS /api/admin/user [32m204 [0m5.055 ms - 0[0m
[0mGET /api/admin/user [32m200 [0m3026.195 ms - 1438[0m
[0mOPTIONS /api/admin/user [32m204 [0m0.340 ms - 0[0m
[0mGET /api/admin/user [36m304 [0m18.016 ms - -[0m
[0mOPTIONS /api/admin/user [32m204 [0m0.395 ms - 0[0m
[0mGET /api/admin/user [36m304 [0m19.503 ms - -[0m
[0mOPTIONS /api/admin/user [32m204 [0m0.183 ms - 0[0m
[0mGET /api/admin/user [36m304 [0m17.714 ms - -[0m
[0mOPTIONS /api/admin/user [32m204 [0m0.165 ms - 0[0m
[0mGET /api/admin/user [36m304 [0m16.024 ms - -[0m
[0mOPTIONS /api/admin/user [32m204 [0m0.173 ms - 0[0m
[0mGET /api/admin/user [36m304 [0m19.151 ms - -[0m
[0mOPTIONS /api/admin/user [32m204 [0m0.186 ms - 0[0m
[0mGET /api/admin/user [36m304 [0m16.377 ms - -[0m
[0mOPTIONS /api/admin/user [32m204 [0m0.167 ms - 0[0m
[0mGET /api/admin/user [36m304 [0m12.242 ms - -[0m
[0mOPTIONS /api/admin/user [32m204 [0m0.183 ms - 0[0m
[0mGET /api/admin/user [36m304 [0m22.268 ms - -[0m
[0mOPTIONS /api/admin/user [32m204 [0m4.842 ms - 0[0m
[0mGET /api/admin/user [36m304 [0m85.788 ms - -[0m
[0mOPTIONS /api/admin/user [32m204 [0m0.643 ms - 0[0m
[0mGET /api/admin/user [36m304 [0m27.613 ms - -[0m
[0mOPTIONS /api/admin/user [32m204 [0m0.416 ms - 0[0m
[0mGET /api/admin/user [36m304 [0m16.684 ms - -[0m
[0mOPTIONS /api/admin/user [32m204 [0m0.178 ms - 0[0m
[0mGET /api/admin/user [36m304 [0m17.573 ms - -[0m
[0mOPTIONS /api/admin/user [32m204 [0m0.133 ms - 0[0m
[0mGET /api/admin/user [36m304 [0m13.499 ms - -[0m
[0mOPTIONS /api/admin/user [32m204 [0m0.158 ms - 0[0m
[0mGET /api/admin/user [36m304 [0m17.008 ms - -[0m
[0mOPTIONS /api/admin/user [32m204 [0m0.195 ms - 0[0m
[0mGET /api/admin/user [36m304 [0m16.724 ms - -[0m
[0mOPTIONS /api/admin/user [32m204 [0m0.150 ms - 0[0m
[0mGET /api/admin/user [36m304 [0m10.793 ms - -[0m
[0mOPTIONS /api/admin/user [32m204 [0m0.196 ms - 0[0m
[0mGET /api/admin/user [36m304 [0m20.377 ms - -[0m
[0mOPTIONS /api/admin/user [32m204 [0m4.344 ms - 0[0m
[0mGET /api/admin/user [36m304 [0m145.857 ms - -[0m
[0mOPTIONS /api/auth/signin [32m204 [0m3.606 ms - 0[0m
[0mPOST /api/auth/signin [33m403 [0m321.375 ms - 66[0m
[0mOPTIONS /api/auth/signin [32m204 [0m0.434 ms - 0[0m
[0mPOST /api/auth/signin [33m403 [0m63.602 ms - 66[0m
[0mPOST /api/auth/signin [33m403 [0m54.489 ms - 66[0m
[0mOPTIONS /api/auth/signin [32m204 [0m0.307 ms - 0[0m
[0mPOST /api/auth/signin [33m403 [0m72.759 ms - 66[0m
[0mOPTIONS /api/auth/signin [32m204 [0m0.205 ms - 0[0m
[0mPOST /api/auth/signin [33m403 [0m85.098 ms - 66[0m
[0mOPTIONS /api/auth/signin [32m204 [0m0.253 ms - 0[0m
[0mPOST /api/auth/signin [32m200 [0m146.520 ms - 249[0m
[0mOPTIONS /api/auth/signin [32m204 [0m3.922 ms - 0[0m
[0mPOST /api/auth/signin [32m200 [0m2598.457 ms - 249[0m
[0mOPTIONS /api/admin/user [32m204 [0m0.278 ms - 0[0m
[0mGET /api/admin/user [32m200 [0m822.594 ms - 1438[0m
[0mOPTIONS /api/admin/user [32m204 [0m4.108 ms - 0[0m
[0mGET /api/admin/user [32m200 [0m4822.217 ms - 1438[0m
[0mOPTIONS /api/admin/user [32m204 [0m0.795 ms - 0[0m
[0mOPTIONS /api/admin/user [32m204 [0m4.660 ms - 0[0m
[0mPOST /api/admin/user [33m400 [0m2423.536 ms - 35[0m
[0mOPTIONS /api/admin/user [32m204 [0m1.072 ms - 0[0m
[0mPOST /api/admin/user [33m422 [0m2246.615 ms - 34[0m
[0mOPTIONS /api/auth/validate/email [32m204 [0m0.236 ms - 0[0m
[0mPOST /api/auth/validate/email [32m200 [0m38.888 ms - 82[0m
[0mPOST /api/auth/validate/email [32m200 [0m4.487 ms - 82[0m
[0mOPTIONS /api/auth/validate/email [32m204 [0m0.130 ms - 0[0m
[0mPOST /api/auth/validate/email [32m200 [0m2.854 ms - 40[0m
[0mPOST /api/auth/validate/email [32m200 [0m7.925 ms - 40[0m
[0mOPTIONS /api/auth/validate/username [32m204 [0m0.154 ms - 0[0m
[0mPOST /api/auth/validate/username [32m200 [0m4.350 ms - 40[0m
[0mPOST /api/auth/validate/username [32m200 [0m3.575 ms - 40[0m
[0mPOST /api/auth/validate/username [32m200 [0m3.479 ms - 40[0m
[0mPOST /api/auth/validate/username [32m200 [0m2.419 ms - 40[0m
[0mPOST /api/auth/validate/username [32m200 [0m2.293 ms - 40[0m
[0mPOST /api/auth/validate/username [32m200 [0m2.813 ms - 40[0m
[0mPOST /api/auth/validate/email [32m200 [0m5.967 ms - 40[0m
[0mPOST /api/auth/validate/username [32m200 [0m6.383 ms - 40[0m
[0mOPTIONS /api/admin/user [32m204 [0m0.136 ms - 0[0m
[0mPOST /api/admin/user [32m200 [0m1832.730 ms - 555[0m
[0mGET /api/admin/user [32m200 [0m36.310 ms - 2224[0m
[0mOPTIONS /api/admin/user [32m204 [0m0.139 ms - 0[0m
[0mGET /api/admin/user [36m304 [0m15.335 ms - -[0m
[0mOPTIONS /api/admin/user [32m204 [0m0.213 ms - 0[0m
[0mGET /api/admin/user [36m304 [0m13.195 ms - -[0m
[0mOPTIONS /api/admin/user [32m204 [0m0.319 ms - 0[0m
[0mGET /api/admin/user [36m304 [0m19.689 ms - -[0m
[0mOPTIONS /api/admin/user [32m204 [0m0.170 ms - 0[0m
[0mGET /api/admin/user [36m304 [0m19.820 ms - -[0m
[0mOPTIONS /api/admin/user [32m204 [0m4.688 ms - 0[0m
[0mGET /api/admin/user [32m200 [0m89.738 ms - 2[0m
[0mOPTIONS /api/admin/user [32m204 [0m0.340 ms - 0[0m
[0mGET /api/admin/user [36m304 [0m15.742 ms - -[0m
[0mOPTIONS /api/admin/user [32m204 [0m0.385 ms - 0[0m
[0mGET /api/admin/user [36m304 [0m9.918 ms - -[0m
[0mOPTIONS /api/admin/user [32m204 [0m0.124 ms - 0[0m
[0mGET /api/admin/user [36m304 [0m7.555 ms - -[0m
[0mOPTIONS /api/admin/user [32m204 [0m0.170 ms - 0[0m
[0mGET /api/admin/user [36m304 [0m12.377 ms - -[0m
[0mOPTIONS /api/admin/user [32m204 [0m0.107 ms - 0[0m
[0mGET /api/admin/user [36m304 [0m7.281 ms - -[0m
[0mOPTIONS /api/admin/user [32m204 [0m0.166 ms - 0[0m
[0mGET /api/admin/user [36m304 [0m9.833 ms - -[0m
[0mOPTIONS /api/admin/user [32m204 [0m0.183 ms - 0[0m
[0mGET /api/admin/user [36m304 [0m10.291 ms - -[0m
[0mOPTIONS /api/admin/user [32m204 [0m0.187 ms - 0[0m
[0mGET /api/admin/user [36m304 [0m11.958 ms - -[0m
[0mOPTIONS /api/admin/user [32m204 [0m0.107 ms - 0[0m
[0mGET /api/admin/user [36m304 [0m7.627 ms - -[0m
[0mOPTIONS /api/admin/user [32m204 [0m0.379 ms - 0[0m
[0mGET /api/admin/user [36m304 [0m11.891 ms - -[0m
[0mOPTIONS /api/admin/user [32m204 [0m0.299 ms - 0[0m
[0mGET /api/admin/user [36m304 [0m7.826 ms - -[0m
[0mOPTIONS /api/admin/user [32m204 [0m3.068 ms - 0[0m
[0mGET /api/admin/user [32m200 [0m59.755 ms - 2224[0m
[0mOPTIONS /api/admin/user [32m204 [0m4.802 ms - 0[0m
[0mGET /api/admin/user [36m304 [0m252.107 ms - -[0m
[0mOPTIONS /api/admin/user [32m204 [0m0.522 ms - 0[0m
[0mGET /api/admin/user [36m304 [0m26.510 ms - -[0m
[0mOPTIONS /api/auth/signin [32m204 [0m0.153 ms - 0[0m
[0mOPTIONS /api/auth/signin [32m204 [0m0.170 ms - 0[0m
[0mPOST /api/auth/signin [33m401 [0m2510.479 ms - 84[0m
[0mOPTIONS /api/auth/signin [32m204 [0m0.171 ms - 0[0m
[0mPOST /api/auth/signin [33m403 [0m212.021 ms - 66[0m
[0mOPTIONS /api/auth/signin [32m204 [0m0.172 ms - 0[0m
[0mPOST /api/auth/signin [33m401 [0m4.044 ms - 84[0m
[0mOPTIONS /api/auth/signin [32m204 [0m0.167 ms - 0[0m
[0mPOST /api/auth/signin [33m401 [0m4.420 ms - 84[0m
[0mPOST /api/auth/signin [33m401 [0m3.609 ms - 84[0m
[0mOPTIONS /api/auth/signin [32m204 [0m0.110 ms - 0[0m
[0mPOST /api/auth/signin [33m403 [0m59.888 ms - 66[0m
[0mOPTIONS /api/auth/signin [32m204 [0m0.192 ms - 0[0m
[0mPOST /api/auth/signin [33m403 [0m58.743 ms - 66[0m
[0mOPTIONS /api/auth/signin [32m204 [0m0.116 ms - 0[0m
[0mPOST /api/auth/signin [33m403 [0m77.861 ms - 66[0m
[0mPOST /api/auth/signin [33m403 [0m66.722 ms - 66[0m
[0mOPTIONS /api/auth/signin [32m204 [0m0.109 ms - 0[0m
[0mPOST /api/auth/signin [33m403 [0m57.779 ms - 66[0m
[0mOPTIONS /api/auth/signin [32m204 [0m0.179 ms - 0[0m
[0mPOST /api/auth/signin [33m403 [0m65.146 ms - 66[0m
[0mPOST /api/auth/signin [32m200 [0m1077.798 ms - 249[0m
[0mGET /api/admin/user [32m200 [0m56.150 ms - 2224[0m
[0mOPTIONS /api/auth/signin [32m204 [0m0.981 ms - 0[0m
[0mPOST /api/auth/signin [32m200 [0m109.875 ms - 250[0m
[0mOPTIONS /api/admin/user [32m204 [0m1.946 ms - 0[0m
[0mGET /api/admin/user [32m200 [0m14.078 ms - 2280[0m
[0mOPTIONS /api/auth/validate/email [32m204 [0m0.120 ms - 0[0m
[0mOPTIONS /api/auth/validate/email [32m204 [0m0.122 ms - 0[0m
[0mPOST /api/auth/validate/email [32m200 [0m3.438 ms - 40[0m
[0mPOST /api/auth/validate/email [32m200 [0m2.804 ms - 40[0m
[0mPOST /api/auth/validate/email [32m200 [0m2.926 ms - 40[0m
[0mOPTIONS /api/auth/validate/username [32m204 [0m0.131 ms - 0[0m
[0mOPTIONS /api/auth/validate/username [32m204 [0m0.149 ms - 0[0m
[0mPOST /api/auth/validate/username [32m200 [0m5.599 ms - 40[0m
[0mPOST /api/auth/validate/username [32m200 [0m4.165 ms - 40[0m
[0mPOST /api/auth/validate/username [32m200 [0m3.809 ms - 40[0m
[0mPOST /api/auth/validate/username [32m200 [0m3.475 ms - 40[0m
[0mPOST /api/auth/validate/username [32m200 [0m3.395 ms - 40[0m
[0mPOST /api/auth/validate/email [32m200 [0m3.597 ms - 40[0m
[0mPOST /api/auth/validate/username [32m200 [0m3.453 ms - 40[0m
[0mOPTIONS /api/admin/user [32m204 [0m0.141 ms - 0[0m
[0mPOST /api/admin/user [33m403 [0m6.214 ms - 36[0m
[0mOPTIONS /api/admin/user [32m204 [0m0.178 ms - 0[0m
[0mGET /api/admin/user [36m304 [0m16.800 ms - -[0m
[0mGET /api/admin/user [36m304 [0m13.873 ms - -[0m
[0mDELETE /api/admin/user/5b0e707689fd328a34d5a4b6 [33m403 [0m10.485 ms - 36[0m
[0mDELETE /api/admin/user/5b0e707689fd328a34d5a4b6 [31m500 [0m1596.298 ms - 30[0m
[0mDELETE /api/admin/user/5b0e707689fd328a34d5a4b6 [32m200 [0m46.932 ms - 20[0m
[0mDELETE /api/admin/user/5b0e6f4d89fd328a34d5a4b4 [32m200 [0m55.191 ms - 294[0m
[0mOPTIONS /api/admin/user [32m204 [0m2.674 ms - 0[0m
[0mGET /api/admin/user [32m200 [0m48.873 ms - 1967[0m
[0mDELETE /api/admin/user/5b0e6f4d89fd328a34d5a4b4 [0m- [0m- ms - -[0m
[0mOPTIONS /api/admin/user [32m204 [0m3.011 ms - 0[0m
[0mGET /api/admin/user [32m200 [0m59.225 ms - 2019[0m
[0mOPTIONS /api/admin/user [32m204 [0m0.358 ms - 0[0m
[0mGET /api/admin/user [36m304 [0m29.898 ms - -[0m
[0mOPTIONS /api/auth/signout [32m204 [0m0.137 ms - 0[0m
[0mPOST /api/auth/signout [32m200 [0m2.784 ms - 28[0m
[0mOPTIONS /api/auth/signin [32m204 [0m0.108 ms - 0[0m
[0mPOST /api/auth/signin [32m200 [0m474.287 ms - 254[0m
[0mOPTIONS /api/admin/user [32m204 [0m0.219 ms - 0[0m
[0mGET /api/admin/user [36m304 [0m16.812 ms - -[0m
[0mOPTIONS /api/admin/user [32m204 [0m0.218 ms - 0[0m
[0mOPTIONS /api/admin/user [32m204 [0m0.164 ms - 0[0m
[0mGET /api/admin/user [36m304 [0m17.527 ms - -[0m
[0mGET /api/admin/user [36m304 [0m16.940 ms - -[0m
[0mOPTIONS /api/admin/user [32m204 [0m0.178 ms - 0[0m
[0mGET /api/admin/user [36m304 [0m15.894 ms - -[0m
[0mOPTIONS /api/admin/user [32m204 [0m0.169 ms - 0[0m
[0mGET /api/admin/user [36m304 [0m18.944 ms - -[0m
[0mOPTIONS /api/admin/user [32m204 [0m0.173 ms - 0[0m
[0mGET /api/admin/user [36m304 [0m11.303 ms - -[0m
[0mOPTIONS /api/admin/user [32m204 [0m0.156 ms - 0[0m
[0mGET /api/admin/user [36m304 [0m13.769 ms - -[0m
[0mGET /api/admin/users/count [33m404 [0m48.551 ms - 160[0m
[0mGET /api/admin/users/count [32m200 [0m48.820 ms - 1577[0m
[0mGET /api/admin/users/count [32m200 [0m52.993 ms - 946[0m
[0mGET /api/admin/users/count [32m200 [0m33.855 ms - 56[0m
[0mGET /api/admin/users/count [32m200 [0m436.691 ms - 127[0m
[0mGET /api/admin/users/count [33m422 [0m189.204 ms - 34[0m
[0mGET /api/admin/users/count [33m422 [0m27.469 ms - 34[0m
[0mGET /api/admin/users/count [33m422 [0m74.359 ms - 34[0m
[0mGET /api/admin/users/count [33m422 [0m38.314 ms - 34[0m
[0mGET /api/admin/users/count [32m200 [0m1709.973 ms - 188[0m
[0mGET /api/admin/users/count [33m422 [0m177.789 ms - 34[0m
[0mGET /api/admin/users/count [33m422 [0m1470.051 ms - 34[0m
[0mGET /api/admin/users/count [33m422 [0m42.424 ms - 34[0m
[0mGET /api/admin/users/count [32m200 [0m37.671 ms - 248[0m
[0mGET /api/admin/users/count [33m422 [0m44.387 ms - 34[0m
[0mOPTIONS /api/admin/user [32m204 [0m2.444 ms - 0[0m
[0mGET /api/admin/user [32m200 [0m35.038 ms - 1963[0m
[0mGET /api/admin/users/count [33m422 [0m212.842 ms - 34[0m
[0mGET /api/admin/users/count [33m422 [0m42.387 ms - 34[0m
[0mGET /api/admin/users/count [33m422 [0m58.216 ms - 34[0m
[0mGET /api/admin/users/count [32m200 [0m188.133 ms - 248[0m
[0mGET /api/admin/users/count [32m200 [0m40.812 ms - 25[0m
[0mGET /api/admin/users/count [32m200 [0m1069.070 ms - 248[0m
[0mGET /api/admin/users/count [33m422 [0m43.104 ms - 34[0m
[0mGET /api/admin/users/count [33m422 [0m41.980 ms - 34[0m
[0mGET /api/admin/users/count [32m200 [0m40.519 ms - 247[0m
[0mGET /api/admin/users/count [32m200 [0m184.497 ms - 36[0m
[0mGET /api/admin/users/count [32m200 [0m247.973 ms - 163[0m
[0mGET /api/admin/users/count [33m422 [0m44.617 ms - 34[0m
[0mGET /api/admin/users/count [32m200 [0m41.014 ms - 123[0m
[0mOPTIONS /api/admin/user [32m204 [0m1.121 ms - 0[0m
[0mGET /api/admin/user [32m200 [0m40.159 ms - 1911[0m
[0mOPTIONS /api/admin/user [32m204 [0m0.413 ms - 0[0m
[0mGET /api/admin/user [36m304 [0m20.597 ms - -[0m
[0mOPTIONS /api/admin/user [32m204 [0m0.198 ms - 0[0m
[0mGET /api/admin/user [36m304 [0m21.484 ms - -[0m
[0mOPTIONS /api/admin/user [32m204 [0m0.189 ms - 0[0m
[0mGET /api/admin/user [36m304 [0m19.223 ms - -[0m
[0mOPTIONS /api/admin/user [32m204 [0m0.109 ms - 0[0m
[0mGET /api/admin/user [36m304 [0m17.818 ms - -[0m
[0mOPTIONS /api/admin/user [32m204 [0m0.191 ms - 0[0m
[0mOPTIONS /api/admin/user [32m204 [0m0.149 ms - 0[0m
[0mGET /api/admin/user [36m304 [0m40.447 ms - -[0m
[0mGET /api/admin/user [36m304 [0m1028.004 ms - -[0m
[0mOPTIONS /api/admin/user [32m204 [0m0.182 ms - 0[0m
[0mGET /api/admin/user [36m304 [0m16.220 ms - -[0m
[0mOPTIONS /api/admin/user [32m204 [0m0.146 ms - 0[0m
[0mGET /api/admin/user [36m304 [0m19.086 ms - -[0m
[0mOPTIONS /api/admin/user [32m204 [0m0.180 ms - 0[0m
[0mOPTIONS /api/admin/users/count [32m204 [0m0.223 ms - 0[0m
[0mGET /api/admin/user [36m304 [0m19.012 ms - -[0m
[0mGET /api/admin/users/count [32m200 [0m13.057 ms - 123[0m
[0mOPTIONS /api/admin/user [32m204 [0m0.167 ms - 0[0m
[0mOPTIONS /api/admin/users/count [32m204 [0m0.161 ms - 0[0m
[0mGET /api/admin/users/count [32m200 [0m24.020 ms - 123[0m
[0mGET /api/admin/user [36m304 [0m1037.396 ms - -[0m
[0mOPTIONS /api/admin/user [32m204 [0m0.198 ms - 0[0m
[0mOPTIONS /api/admin/users/count [32m204 [0m0.150 ms - 0[0m
[0mOPTIONS /api/admin/users/count [32m204 [0m0.162 ms - 0[0m
[0mOPTIONS /api/admin/user [32m204 [0m0.149 ms - 0[0m
[0mGET /api/admin/user [36m304 [0m31.315 ms - -[0m
[0mGET /api/admin/users/count [36m304 [0m32.092 ms - -[0m
[0mGET /api/admin/users/count [36m304 [0m17.834 ms - -[0m
[0mGET /api/admin/user [36m304 [0m35.899 ms - -[0m
[0mOPTIONS /api/admin/user [32m204 [0m0.171 ms - 0[0m
[0mOPTIONS /api/admin/users/count [32m204 [0m0.175 ms - 0[0m
[0mGET /api/admin/user [36m304 [0m20.972 ms - -[0m
[0mGET /api/admin/users/count [36m304 [0m14.993 ms - -[0m
[0mOPTIONS /api/admin/user [32m204 [0m0.168 ms - 0[0m
[0mOPTIONS /api/admin/users/count [32m204 [0m0.153 ms - 0[0m
[0mGET /api/admin/user [36m304 [0m17.022 ms - -[0m
[0mGET /api/admin/users/count [36m304 [0m13.976 ms - -[0m
[0mOPTIONS /api/admin/user [32m204 [0m0.132 ms - 0[0m
[0mOPTIONS /api/admin/users/count [32m204 [0m0.088 ms - 0[0m
[0mGET /api/admin/user [36m304 [0m22.005 ms - -[0m
[0mGET /api/admin/users/count [36m304 [0m19.504 ms - -[0m
[0mOPTIONS /api/admin/user [32m204 [0m0.141 ms - 0[0m
[0mOPTIONS /api/admin/users/count [32m204 [0m0.141 ms - 0[0m
[0mOPTIONS /api/admin/user [32m204 [0m0.241 ms - 0[0m
[0mOPTIONS /api/admin/users/count [32m204 [0m0.153 ms - 0[0m
[0mGET /api/admin/user [36m304 [0m37.877 ms - -[0m
[0mGET /api/admin/users/count [36m304 [0m1064.039 ms - -[0m
[0mGET /api/admin/user [36m304 [0m1066.991 ms - -[0m
[0mGET /api/admin/users/count [36m304 [0m1075.988 ms - -[0m
[0mOPTIONS /api/admin/user [32m204 [0m0.121 ms - 0[0m
[0mOPTIONS /api/admin/users/count [32m204 [0m0.142 ms - 0[0m
[0mGET /api/admin/user [36m304 [0m20.829 ms - -[0m
[0mGET /api/admin/users/count [36m304 [0m20.298 ms - -[0m
[0mOPTIONS /api/admin/user [32m204 [0m0.116 ms - 0[0m
[0mOPTIONS /api/admin/users/count [32m204 [0m0.148 ms - 0[0m
[0mGET /api/admin/user [36m304 [0m20.188 ms - -[0m
[0mGET /api/admin/users/count [36m304 [0m19.144 ms - -[0m
[0mOPTIONS /api/admin/user [32m204 [0m0.411 ms - 0[0m
[0mOPTIONS /api/admin/users/count [32m204 [0m0.142 ms - 0[0m
[0mGET /api/admin/user [36m304 [0m24.235 ms - -[0m
[0mGET /api/admin/users/count [36m304 [0m25.514 ms - -[0m
[0mOPTIONS /api/admin/user [32m204 [0m0.266 ms - 0[0m
[0mOPTIONS /api/admin/users/count [32m204 [0m0.148 ms - 0[0m
[0mGET /api/admin/user [36m304 [0m29.291 ms - -[0m
[0mGET /api/admin/users/count [36m304 [0m35.046 ms - -[0m
[0mOPTIONS /api/admin/user [32m204 [0m0.174 ms - 0[0m
[0mOPTIONS /api/admin/users/count [32m204 [0m0.172 ms - 0[0m
[0mGET /api/admin/user [36m304 [0m23.791 ms - -[0m
[0mGET /api/admin/users/count [36m304 [0m27.051 ms - -[0m
[0mOPTIONS /api/admin/user [32m204 [0m0.240 ms - 0[0m
[0mOPTIONS /api/admin/users/count [32m204 [0m0.149 ms - 0[0m
[0mGET /api/admin/user [36m304 [0m21.435 ms - -[0m
[0mGET /api/admin/users/count [36m304 [0m20.150 ms - -[0m
[0mOPTIONS /api/admin/user [32m204 [0m0.131 ms - 0[0m
[0mOPTIONS /api/admin/users/count [32m204 [0m0.155 ms - 0[0m
[0mGET /api/admin/user [36m304 [0m27.962 ms - -[0m
[0mGET /api/admin/users/count [36m304 [0m37.139 ms - -[0m
[0mOPTIONS /api/admin/user [32m204 [0m0.208 ms - 0[0m
[0mOPTIONS /api/admin/users/count [32m204 [0m0.153 ms - 0[0m
[0mGET /api/admin/user [36m304 [0m21.845 ms - -[0m
[0mGET /api/admin/users/count [36m304 [0m28.848 ms - -[0m
[0mOPTIONS /api/admin/user [32m204 [0m0.158 ms - 0[0m
[0mOPTIONS /api/admin/users/count [32m204 [0m0.153 ms - 0[0m
[0mGET /api/admin/user [36m304 [0m22.920 ms - -[0m
[0mGET /api/admin/users/count [36m304 [0m21.402 ms - -[0m
[0mOPTIONS /api/admin/user [32m204 [0m0.141 ms - 0[0m
[0mOPTIONS /api/admin/users/count [32m204 [0m0.164 ms - 0[0m
[0mOPTIONS /api/admin/user [32m204 [0m0.143 ms - 0[0m
[0mOPTIONS /api/admin/users/count [32m204 [0m0.225 ms - 0[0m
[0mGET /api/admin/users/count [36m304 [0m18.865 ms - -[0m
[0mGET /api/admin/user [36m304 [0m31.945 ms - -[0m
[0mGET /api/admin/user [36m304 [0m17.290 ms - -[0m
[0mGET /api/admin/users/count [36m304 [0m13.171 ms - -[0m
[0mOPTIONS /api/admin/user [32m204 [0m0.166 ms - 0[0m
[0mOPTIONS /api/admin/users/count [32m204 [0m0.150 ms - 0[0m
[0mGET /api/admin/user [36m304 [0m16.895 ms - -[0m
[0mGET /api/admin/users/count [36m304 [0m23.593 ms - -[0m
[0mOPTIONS /api/admin/user [32m204 [0m0.160 ms - 0[0m
[0mOPTIONS /api/admin/users/count [32m204 [0m0.151 ms - 0[0m
[0mGET /api/admin/user [36m304 [0m20.235 ms - -[0m
[0mGET /api/admin/users/count [36m304 [0m23.521 ms - -[0m
[0mOPTIONS /api/admin/user [32m204 [0m0.136 ms - 0[0m
[0mOPTIONS /api/admin/users/count [32m204 [0m0.089 ms - 0[0m
[0mGET /api/admin/user [36m304 [0m24.002 ms - -[0m
[0mGET /api/admin/users/count [36m304 [0m23.015 ms - -[0m
[0mOPTIONS /api/admin/user [32m204 [0m0.150 ms - 0[0m
[0mOPTIONS /api/admin/users/count [32m204 [0m0.160 ms - 0[0m
[0mGET /api/admin/users/count [36m304 [0m14.981 ms - -[0m
[0mGET /api/admin/user [36m304 [0m24.221 ms - -[0m
[0mOPTIONS /api/admin/user [32m204 [0m0.168 ms - 0[0m
[0mOPTIONS /api/admin/users/count [32m204 [0m1.648 ms - 0[0m
[0mGET /api/admin/user [36m304 [0m28.292 ms - -[0m
[0mGET /api/admin/users/count [36m304 [0m26.088 ms - -[0m
[0mOPTIONS /api/admin/user [32m204 [0m0.109 ms - 0[0m
[0mOPTIONS /api/admin/users/count [32m204 [0m0.106 ms - 0[0m
[0mGET /api/admin/users/count [36m304 [0m8.579 ms - -[0m
[0mGET /api/admin/user [36m304 [0m49.591 ms - -[0m
[0mOPTIONS /api/admin/user [32m204 [0m0.143 ms - 0[0m
[0mOPTIONS /api/admin/users/count [32m204 [0m0.125 ms - 0[0m
[0mGET /api/admin/user [36m304 [0m23.985 ms - -[0m
[0mGET /api/admin/users/count [36m304 [0m26.029 ms - -[0m
[0mOPTIONS /api/admin/user [32m204 [0m0.187 ms - 0[0m
[0mOPTIONS /api/admin/users/count [32m204 [0m0.146 ms - 0[0m
[0mGET /api/admin/user [36m304 [0m16.517 ms - -[0m
[0mOPTIONS /api/admin/user [32m204 [0m0.149 ms - 0[0m
[0mOPTIONS /api/admin/users/count [32m204 [0m0.133 ms - 0[0m
[0mGET /api/admin/users/count [36m304 [0m13.643 ms - -[0m
[0mGET /api/admin/user [36m304 [0m24.971 ms - -[0m
[0mGET /api/admin/users/count [36m304 [0m27.407 ms - -[0m
[0mOPTIONS /api/admin/user [32m204 [0m0.164 ms - 0[0m
[0mOPTIONS /api/admin/users/count [32m204 [0m0.147 ms - 0[0m
[0mOPTIONS /api/admin/user [32m204 [0m0.166 ms - 0[0m
[0mOPTIONS /api/admin/users/count [32m204 [0m0.149 ms - 0[0m
[0mGET /api/admin/user [36m304 [0m26.732 ms - -[0m
[0mGET /api/admin/users/count [36m304 [0m29.379 ms - -[0m
[0mGET /api/admin/user [36m304 [0m17.860 ms - -[0m
[0mGET /api/admin/users/count [36m304 [0m14.640 ms - -[0m
[0mOPTIONS /api/admin/user [32m204 [0m0.164 ms - 0[0m
[0mOPTIONS /api/admin/users/count [32m204 [0m0.141 ms - 0[0m
[0mGET /api/admin/user [36m304 [0m24.239 ms - -[0m
[0mGET /api/admin/users/count [36m304 [0m24.953 ms - -[0m
[0mOPTIONS /api/admin/user [32m204 [0m0.165 ms - 0[0m
[0mOPTIONS /api/admin/users/count [32m204 [0m0.148 ms - 0[0m
[0mGET /api/admin/user [36m304 [0m20.691 ms - -[0m
[0mGET /api/admin/users/count [36m304 [0m23.089 ms - -[0m
[0mOPTIONS /api/admin/user [32m204 [0m0.103 ms - 0[0m
[0mOPTIONS /api/admin/users/count [32m204 [0m0.080 ms - 0[0m
[0mGET /api/admin/user [36m304 [0m184.417 ms - -[0m
[0mGET /api/admin/users/count [36m304 [0m182.531 ms - -[0m
[0mOPTIONS /api/admin/user [32m204 [0m0.164 ms - 0[0m
[0mOPTIONS /api/admin/users/count [32m204 [0m0.146 ms - 0[0m
[0mOPTIONS /api/admin/user [32m204 [0m0.150 ms - 0[0m
[0mOPTIONS /api/admin/users/count [32m204 [0m0.147 ms - 0[0m
[0mGET /api/admin/user [36m304 [0m191.055 ms - -[0m
[0mGET /api/admin/users/count [36m304 [0m189.613 ms - -[0m
[0mGET /api/admin/user [36m304 [0m176.712 ms - -[0m
[0mGET /api/admin/users/count [36m304 [0m179.668 ms - -[0m
[0mOPTIONS /api/admin/user [32m204 [0m0.170 ms - 0[0m
[0mOPTIONS /api/admin/users/count [32m204 [0m0.267 ms - 0[0m
[0mGET /api/admin/user [36m304 [0m237.718 ms - -[0m
[0mGET /api/admin/users/count [36m304 [0m240.411 ms - -[0m
[0mOPTIONS /api/admin/user [32m204 [0m0.173 ms - 0[0m
[0mOPTIONS /api/admin/users/count [32m204 [0m0.141 ms - 0[0m
[0mOPTIONS /api/admin/user [32m204 [0m0.151 ms - 0[0m
[0mOPTIONS /api/admin/users/count [32m204 [0m0.160 ms - 0[0m
[0mGET /api/admin/users/count [36m304 [0m19.726 ms - -[0m
[0mGET /api/admin/user [36m304 [0m150.770 ms - -[0m
[0mGET /api/admin/user [36m304 [0m165.736 ms - -[0m
[0mGET /api/admin/users/count [36m304 [0m518.931 ms - -[0m
[0mOPTIONS /api/admin/user [32m204 [0m0.199 ms - 0[0m
[0mOPTIONS /api/admin/users/count [32m204 [0m0.147 ms - 0[0m
[0mOPTIONS /api/admin/user [32m204 [0m0.128 ms - 0[0m
[0mOPTIONS /api/admin/users/count [32m204 [0m0.087 ms - 0[0m
[0mGET /api/admin/user [36m304 [0m62.718 ms - -[0m
[0mGET /api/admin/users/count [36m304 [0m64.660 ms - -[0m
[0mGET /api/admin/users/count [36m304 [0m58.174 ms - -[0m
[0mGET /api/admin/user [36m304 [0m67.215 ms - -[0m
[0mOPTIONS /api/admin/user [32m204 [0m0.175 ms - 0[0m
[0mOPTIONS /api/admin/users/count [32m204 [0m0.151 ms - 0[0m
[0mGET /api/admin/user [36m304 [0m21.592 ms - -[0m
[0mGET /api/admin/users/count [36m304 [0m19.478 ms - -[0m
[0mOPTIONS /api/admin/user [32m204 [0m0.200 ms - 0[0m
[0mOPTIONS /api/admin/users/count [32m204 [0m0.140 ms - 0[0m
[0mGET /api/admin/user [36m304 [0m26.694 ms - -[0m
[0mGET /api/admin/users/count [36m304 [0m27.505 ms - -[0m
[0mOPTIONS /api/admin/user [32m204 [0m0.189 ms - 0[0m
[0mOPTIONS /api/admin/users/count [32m204 [0m0.132 ms - 0[0m
[0mGET /api/admin/user [36m304 [0m26.547 ms - -[0m
[0mGET /api/admin/users/count [36m304 [0m28.141 ms - -[0m
[0mOPTIONS /api/admin/user [32m204 [0m0.183 ms - 0[0m
[0mOPTIONS /api/admin/users/count [32m204 [0m0.154 ms - 0[0m
[0mGET /api/admin/user [36m304 [0m40.557 ms - -[0m
[0mGET /api/admin/users/count [36m304 [0m42.936 ms - -[0m
[0mOPTIONS /api/admin/user [32m204 [0m0.156 ms - 0[0m
[0mOPTIONS /api/admin/users/count [32m204 [0m0.159 ms - 0[0m
[0mGET /api/admin/user [36m304 [0m88.617 ms - -[0m
[0mGET /api/admin/users/count [36m304 [0m91.058 ms - -[0m
[0mOPTIONS /api/admin/user [32m204 [0m1.358 ms - 0[0m
[0mOPTIONS /api/admin/users/count [32m204 [0m0.162 ms - 0[0m
[0mGET /api/admin/user [36m304 [0m2328.635 ms - -[0m
[0mGET /api/admin/users/count [36m304 [0m2331.557 ms - -[0m
[0mOPTIONS /api/admin/user [32m204 [0m0.150 ms - 0[0m
[0mOPTIONS /api/admin/users/count [32m204 [0m0.150 ms - 0[0m
[0mGET /api/admin/user [36m304 [0m18.219 ms - -[0m
[0mGET /api/admin/users/count [36m304 [0m17.041 ms - -[0m
[0mOPTIONS /api/admin/user [32m204 [0m0.193 ms - 0[0m
[0mOPTIONS /api/admin/users/count [32m204 [0m0.142 ms - 0[0m
[0mGET /api/admin/user [36m304 [0m82.071 ms - -[0m
[0mGET /api/admin/users/count [36m304 [0m84.532 ms - -[0m
[0mOPTIONS /api/admin/user [32m204 [0m0.187 ms - 0[0m
[0mOPTIONS /api/admin/users/count [32m204 [0m0.157 ms - 0[0m
[0mGET /api/admin/user [36m304 [0m24.318 ms - -[0m
[0mGET /api/admin/users/count [36m304 [0m21.960 ms - -[0m
[0mOPTIONS /api/admin/user [32m204 [0m0.170 ms - 0[0m
[0mOPTIONS /api/admin/users/count [32m204 [0m0.208 ms - 0[0m
[0mGET /api/admin/user [36m304 [0m23.612 ms - -[0m
[0mGET /api/admin/users/count [36m304 [0m21.919 ms - -[0m
[0mOPTIONS /api/admin/user [32m204 [0m0.192 ms - 0[0m
[0mOPTIONS /api/admin/users/count [32m204 [0m0.160 ms - 0[0m
[0mGET /api/admin/user [36m304 [0m30.543 ms - -[0m
[0mGET /api/admin/users/count [36m304 [0m36.163 ms - -[0m
[0mOPTIONS /api/admin/user [32m204 [0m4.566 ms - 0[0m
[0mOPTIONS /api/admin/users/count [32m204 [0m0.370 ms - 0[0m
[0mOPTIONS /api/admin/user [32m204 [0m5.266 ms - 0[0m
[0mOPTIONS /api/admin/users/count [32m204 [0m0.554 ms - 0[0m
[0mGET /api/admin/user [36m304 [0m3068.876 ms - -[0m
[0mGET /api/admin/users/count [36m304 [0m3608.148 ms - -[0m
[0mOPTIONS /api/admin/user [32m204 [0m1.444 ms - 0[0m
[0mOPTIONS /api/admin/users/count [32m204 [0m0.152 ms - 0[0m
[0mGET /api/admin/user [36m304 [0m18.918 ms - -[0m
[0mGET /api/admin/users/count [36m304 [0m1026.450 ms - -[0m
[0mOPTIONS /api/admin/user [32m204 [0m0.183 ms - 0[0m
[0mOPTIONS /api/admin/users/count [32m204 [0m0.188 ms - 0[0m
[0mGET /api/admin/user [36m304 [0m13.701 ms - -[0m
[0mGET /api/admin/users/count [36m304 [0m10.621 ms - -[0m
[0mOPTIONS /api/admin/user [32m204 [0m0.129 ms - 0[0m
[0mOPTIONS /api/admin/users/count [32m204 [0m0.087 ms - 0[0m
[0mGET /api/admin/user [36m304 [0m18.273 ms - -[0m
[0mGET /api/admin/users/count [36m304 [0m17.856 ms - -[0m
[0mPOST /api/auth/signin [32m200 [0m1303.853 ms - 249[0m
[0mGET /api/admin/users/count [32m200 [0m16.238 ms - 123[0m
[0mGET /api/admin/user/5b0e707689fd328a34d5a4b6 [32m200 [0m14.596 ms - 296[0m
[0mDELETE /api/admin/user/5b0e6f4d89fd328a34d5a4b4 [0m- [0m- ms - -[0m
[0mOPTIONS /api/admin/user [32m204 [0m0.932 ms - 0[0m
[0mOPTIONS /api/admin/users/count [32m204 [0m0.292 ms - 0[0m
[0mGET /api/admin/users/count [36m304 [0m1024.164 ms - -[0m
[0mGET /api/admin/user [36m304 [0m1179.840 ms - -[0m
[0mOPTIONS /api/admin/user [32m204 [0m0.179 ms - 0[0m
[0mOPTIONS /api/admin/users/count [32m204 [0m0.150 ms - 0[0m
[0mGET /api/admin/user [36m304 [0m22.219 ms - -[0m
[0mGET /api/admin/users/count [36m304 [0m1027.248 ms - -[0m
[0mOPTIONS /api/admin/user [32m204 [0m0.461 ms - 0[0m
[0mOPTIONS /api/admin/users/count [32m204 [0m0.400 ms - 0[0m
[0mGET /api/admin/user [36m304 [0m23.691 ms - -[0m
[0mGET /api/admin/users/count [36m304 [0m20.368 ms - -[0m
[0mOPTIONS /api/admin/user [32m204 [0m0.177 ms - 0[0m
[0mOPTIONS /api/admin/users/count [32m204 [0m0.143 ms - 0[0m
[0mGET /api/admin/user [36m304 [0m21.908 ms - -[0m
[0mGET /api/admin/users/count [36m304 [0m23.694 ms - -[0m
[0mOPTIONS /api/admin/users/count [32m204 [0m0.207 ms - 0[0m
[0mOPTIONS /api/admin/user [32m204 [0m0.158 ms - 0[0m
[0mGET /api/admin/users/count [36m304 [0m19.078 ms - -[0m
[0mGET /api/admin/user [36m304 [0m29.915 ms - -[0m
[0mOPTIONS /api/admin/user/5b0e707689fd328a34d5a4b6 [32m204 [0m0.187 ms - 0[0m
[0mGET /api/admin/user/5b0e707689fd328a34d5a4b6 [32m200 [0m14.489 ms - 296[0m
[0mOPTIONS /api/admin/user/5b0e707689fd328a34d5a4b6 [32m204 [0m0.180 ms - 0[0m
[0mGET /api/admin/user/5b0e707689fd328a34d5a4b6 [36m304 [0m11.174 ms - -[0m
[0mOPTIONS /api/admin/user [32m204 [0m0.173 ms - 0[0m
[0mOPTIONS /api/admin/users/count [32m204 [0m0.163 ms - 0[0m
[0mGET /api/admin/user [36m304 [0m14.729 ms - -[0m
[0mGET /api/admin/users/count [36m304 [0m8.203 ms - -[0m
[0mOPTIONS /api/admin/user [32m204 [0m0.195 ms - 0[0m
[0mOPTIONS /api/admin/users/count [32m204 [0m0.149 ms - 0[0m
[0mGET /api/admin/user [36m304 [0m18.512 ms - -[0m
[0mGET /api/admin/users/count [36m304 [0m22.541 ms - -[0m
[0mOPTIONS /api/admin/user/5b0e707689fd328a34d5a4b6 [32m204 [0m0.160 ms - 0[0m
[0mGET /api/admin/user/5b0e707689fd328a34d5a4b6 [36m304 [0m11.805 ms - -[0m
[0mOPTIONS /api/admin/user [32m204 [0m0.164 ms - 0[0m
[0mOPTIONS /api/admin/users/count [32m204 [0m0.328 ms - 0[0m
[0mGET /api/admin/user [36m304 [0m16.174 ms - -[0m
[0mGET /api/admin/users/count [36m304 [0m7.819 ms - -[0m
[0mOPTIONS /api/admin/user/5b0e6d7a2d0d2d0138c18c52 [32m204 [0m0.165 ms - 0[0m
[0mGET /api/admin/user/5b0e6d7a2d0d2d0138c18c52 [32m200 [0m8.921 ms - 299[0m
[0mOPTIONS /api/admin/user [32m204 [0m0.182 ms - 0[0m
[0mOPTIONS /api/admin/users/count [32m204 [0m0.161 ms - 0[0m
[0mGET /api/admin/user [36m304 [0m23.224 ms - -[0m
[0mGET /api/admin/users/count [36m304 [0m28.022 ms - -[0m
[0mOPTIONS /api/admin/user/5b0e6d7a2d0d2d0138c18c52 [32m204 [0m0.192 ms - 0[0m
[0mGET /api/admin/user/5b0e6d7a2d0d2d0138c18c52 [36m304 [0m10.378 ms - -[0m
[0mOPTIONS /api/admin/user [32m204 [0m0.197 ms - 0[0m
[0mOPTIONS /api/admin/users/count [32m204 [0m1.343 ms - 0[0m
[0mGET /api/admin/user [36m304 [0m13.240 ms - -[0m
[0mGET /api/admin/users/count [36m304 [0m7.265 ms - -[0m
[0mOPTIONS /api/admin/user [32m204 [0m0.191 ms - 0[0m
[0mOPTIONS /api/admin/users/count [32m204 [0m0.204 ms - 0[0m
[0mGET /api/admin/user [36m304 [0m24.965 ms - -[0m
[0mGET /api/admin/users/count [36m304 [0m25.674 ms - -[0m
[0mOPTIONS /api/admin/user/5b0e6d7a2d0d2d0138c18c52 [32m204 [0m0.187 ms - 0[0m
[0mGET /api/admin/user/5b0e6d7a2d0d2d0138c18c52 [36m304 [0m7.174 ms - -[0m
[0mOPTIONS /api/admin/user [32m204 [0m0.186 ms - 0[0m
[0mOPTIONS /api/admin/users/count [32m204 [0m0.151 ms - 0[0m
[0mGET /api/admin/user [36m304 [0m21.922 ms - -[0m
[0mGET /api/admin/users/count [36m304 [0m25.495 ms - -[0m
[0mOPTIONS /api/admin/user/5b0e707689fd328a34d5a4b6 [32m204 [0m0.178 ms - 0[0m
[0mGET /api/admin/user/5b0e707689fd328a34d5a4b6 [36m304 [0m7.849 ms - -[0m
[0mOPTIONS /api/admin/user/5b0e6d7a2d0d2d0138c18c52 [32m204 [0m0.169 ms - 0[0m
[0mGET /api/admin/user/5b0e6d7a2d0d2d0138c18c52 [36m304 [0m11.565 ms - -[0m
[0mOPTIONS /api/admin/user/5b035976303b8a868ce97534 [32m204 [0m0.149 ms - 0[0m
[0mGET /api/admin/user/5b035976303b8a868ce97534 [32m200 [0m11.331 ms - 299[0m
[0mOPTIONS /api/admin/user/5b0e707689fd328a34d5a4b6 [32m204 [0m0.121 ms - 0[0m
[0mGET /api/admin/user/5b0e707689fd328a34d5a4b6 [36m304 [0m7.573 ms - -[0m
[0mOPTIONS /api/admin/user [32m204 [0m0.187 ms - 0[0m
[0mOPTIONS /api/admin/users/count [32m204 [0m0.165 ms - 0[0m
[0mGET /api/admin/user [36m304 [0m21.945 ms - -[0m
[0mGET /api/admin/users/count [36m304 [0m23.443 ms - -[0m
[0mOPTIONS /api/admin/user/5b0e707689fd328a34d5a4b6 [32m204 [0m0.187 ms - 0[0m
[0mGET /api/admin/user/5b0e707689fd328a34d5a4b6 [36m304 [0m9.784 ms - -[0m
[0mOPTIONS /api/admin/user/5b0e6d7a2d0d2d0138c18c52 [32m204 [0m0.174 ms - 0[0m
[0mGET /api/admin/user/5b0e6d7a2d0d2d0138c18c52 [36m304 [0m8.611 ms - -[0m
[0mOPTIONS /api/admin/user [32m204 [0m0.192 ms - 0[0m
[0mOPTIONS /api/admin/users/count [32m204 [0m0.147 ms - 0[0m
[0mGET /api/admin/user [36m304 [0m32.332 ms - -[0m
[0mGET /api/admin/users/count [36m304 [0m18.978 ms - -[0m
[0mOPTIONS /api/admin/user/5b0359cf0db2db86d0a1d90f [32m204 [0m0.179 ms - 0[0m
[0mGET /api/admin/user/5b0359cf0db2db86d0a1d90f [32m200 [0m6.224 ms - 343[0m
[0mOPTIONS /api/admin/user/5b035976303b8a868ce97534 [32m204 [0m0.171 ms - 0[0m
[0mGET /api/admin/user/5b035976303b8a868ce97534 [36m304 [0m7.582 ms - -[0m
[0mOPTIONS /api/admin/user/5b035976303b8a868ce97534 [32m204 [0m0.200 ms - 0[0m
[0mGET /api/admin/user/5b035976303b8a868ce97534 [36m304 [0m10.163 ms - -[0m
[0mOPTIONS /api/admin/user [32m204 [0m0.225 ms - 0[0m
[0mOPTIONS /api/admin/users/count [32m204 [0m0.166 ms - 0[0m
[0mGET /api/admin/user [36m304 [0m23.961 ms - -[0m
[0mGET /api/admin/users/count [36m304 [0m23.704 ms - -[0m
[0mOPTIONS /api/admin/user/5b0359aa8e7c6aa0a4aec2a4 [32m204 [0m0.162 ms - 0[0m
[0mGET /api/admin/user/5b0359aa8e7c6aa0a4aec2a4 [32m200 [0m8.120 ms - 351[0m
[0mOPTIONS /api/admin/user [32m204 [0m0.201 ms - 0[0m
[0mOPTIONS /api/admin/users/count [32m204 [0m0.153 ms - 0[0m
[0mGET /api/admin/user [36m304 [0m19.360 ms - -[0m
[0mGET /api/admin/users/count [36m304 [0m20.725 ms - -[0m
[0mOPTIONS /api/admin/user/5b0359cf0db2db86d0a1d90f [32m204 [0m0.195 ms - 0[0m
[0mGET /api/admin/user/5b0359cf0db2db86d0a1d90f [36m304 [0m7.771 ms - -[0m
[0mOPTIONS /api/admin/user/5b035976303b8a868ce97534 [32m204 [0m0.199 ms - 0[0m
[0mGET /api/admin/user/5b035976303b8a868ce97534 [36m304 [0m9.399 ms - -[0m
[0mOPTIONS /api/admin/user/5b0357db43ac11bcac290380 [32m204 [0m0.167 ms - 0[0m
[0mGET /api/admin/user/5b0357db43ac11bcac290380 [32m200 [0m20.236 ms - 312[0m
[0mOPTIONS /api/admin/user/5b0e707689fd328a34d5a4b6 [32m204 [0m0.134 ms - 0[0m
[0mGET /api/admin/user/5b0e707689fd328a34d5a4b6 [36m304 [0m10.376 ms - -[0m
[0mOPTIONS /api/admin/user/5b0359aa8e7c6aa0a4aec2a4 [32m204 [0m0.115 ms - 0[0m
[0mGET /api/admin/user/5b0359aa8e7c6aa0a4aec2a4 [36m304 [0m6.067 ms - -[0m
[0mOPTIONS /api/admin/user [32m204 [0m0.175 ms - 0[0m
[0mOPTIONS /api/admin/users/count [32m204 [0m0.170 ms - 0[0m
[0mGET /api/admin/user [36m304 [0m15.719 ms - -[0m
[0mGET /api/admin/users/count [36m304 [0m7.142 ms - -[0m
[0mOPTIONS /api/admin/user/5b035976303b8a868ce97534 [32m204 [0m0.169 ms - 0[0m
[0mGET /api/admin/user/5b035976303b8a868ce97534 [36m304 [0m7.362 ms - -[0m
[0mOPTIONS /api/admin/user [32m204 [0m0.185 ms - 0[0m
[0mOPTIONS /api/admin/users/count [32m204 [0m0.160 ms - 0[0m
[0mGET /api/admin/user [36m304 [0m17.936 ms - -[0m
[0mGET /api/admin/users/count [36m304 [0m18.417 ms - -[0m
[0mOPTIONS /api/admin/user/5b0e6d7a2d0d2d0138c18c52 [32m204 [0m0.152 ms - 0[0m
[0mGET /api/admin/user/5b0e6d7a2d0d2d0138c18c52 [36m304 [0m9.217 ms - -[0m
[0mOPTIONS /api/admin/user/5b0e707689fd328a34d5a4b6 [32m204 [0m0.146 ms - 0[0m
[0mGET /api/admin/user/5b0e707689fd328a34d5a4b6 [36m304 [0m8.825 ms - -[0m
[0mOPTIONS /api/admin/user/5b0357db43ac11bcac290380 [32m204 [0m0.168 ms - 0[0m
[0mGET /api/admin/user/5b0357db43ac11bcac290380 [36m304 [0m5.436 ms - -[0m
[0mOPTIONS /api/admin/user/5b0357db43ac11bcac290380 [32m204 [0m0.145 ms - 0[0m
[0mGET /api/admin/user/5b0357db43ac11bcac290380 [36m304 [0m5.344 ms - -[0m
[0mOPTIONS /api/admin/user/5b0357db43ac11bcac290380 [32m204 [0m0.157 ms - 0[0m
[0mGET /api/admin/user/5b0357db43ac11bcac290380 [36m304 [0m8.282 ms - -[0m
[0mOPTIONS /api/admin/user/5b0357db43ac11bcac290380 [32m204 [0m0.150 ms - 0[0m
[0mGET /api/admin/user/5b0357db43ac11bcac290380 [36m304 [0m8.481 ms - -[0m
[0mOPTIONS /api/admin/user/5b0357db43ac11bcac290380 [32m204 [0m0.126 ms - 0[0m
[0mGET /api/admin/user/5b0357db43ac11bcac290380 [36m304 [0m5.021 ms - -[0m
[0mOPTIONS /api/admin/user [32m204 [0m0.152 ms - 0[0m
[0mOPTIONS /api/admin/users/count [32m204 [0m0.140 ms - 0[0m
[0mGET /api/admin/user [36m304 [0m13.262 ms - -[0m
[0mGET /api/admin/users/count [36m304 [0m15.019 ms - -[0m
[0mOPTIONS /api/admin/user/5b0e707689fd328a34d5a4b6 [32m204 [0m0.114 ms - 0[0m
[0mGET /api/admin/user/5b0e707689fd328a34d5a4b6 [36m304 [0m9.406 ms - -[0m
[0mOPTIONS /api/admin/user/5b0e6d7a2d0d2d0138c18c52 [32m204 [0m0.154 ms - 0[0m
[0mGET /api/admin/user/5b0e6d7a2d0d2d0138c18c52 [36m304 [0m8.737 ms - -[0m
[0mOPTIONS /api/admin/user/5b0359cf0db2db86d0a1d90f [32m204 [0m0.149 ms - 0[0m
[0mGET /api/admin/user/5b0359cf0db2db86d0a1d90f [36m304 [0m10.056 ms - -[0m
[0mOPTIONS /api/admin/user/5b0359aa8e7c6aa0a4aec2a4 [32m204 [0m0.178 ms - 0[0m
[0mGET /api/admin/user/5b0359aa8e7c6aa0a4aec2a4 [36m304 [0m8.872 ms - -[0m
[0mOPTIONS /api/admin/user/5b035976303b8a868ce97534 [32m204 [0m1.473 ms - 0[0m
[0mGET /api/admin/user/5b035976303b8a868ce97534 [36m304 [0m7.311 ms - -[0m
[0mOPTIONS /api/admin/user [32m204 [0m0.135 ms - 0[0m
[0mOPTIONS /api/admin/users/count [32m204 [0m0.100 ms - 0[0m
[0mGET /api/admin/user [36m304 [0m11.611 ms - -[0m
[0mGET /api/admin/users/count [36m304 [0m11.488 ms - -[0m
[0mOPTIONS /api/admin/user/5b0e707689fd328a34d5a4b6 [32m204 [0m0.127 ms - 0[0m
[0mGET /api/admin/user/5b0e707689fd328a34d5a4b6 [36m304 [0m12.342 ms - -[0m
[0mOPTIONS /api/admin/user/5b0359aa8e7c6aa0a4aec2a4 [32m204 [0m0.229 ms - 0[0m
[0mGET /api/admin/user/5b0359aa8e7c6aa0a4aec2a4 [36m304 [0m11.624 ms - -[0m
[0mOPTIONS /api/admin/user [32m204 [0m4.492 ms - 0[0m
[0mOPTIONS /api/admin/users/count [32m204 [0m0.430 ms - 0[0m
[0mGET /api/admin/users/count [36m304 [0m1052.056 ms - -[0m
[0mGET /api/admin/user [36m304 [0m1105.725 ms - -[0m
[0mOPTIONS /api/admin/user/5b035976303b8a868ce97534 [32m204 [0m0.271 ms - 0[0m
[0mGET /api/admin/user/5b035976303b8a868ce97534 [36m304 [0m14.541 ms - -[0m
[0mDELETE /api/admin/user/5b035976303b8a868ce97534 [32m200 [0m187.875 ms - 50[0m
[0mOPTIONS /api/admin/user [32m204 [0m0.164 ms - 0[0m
[0mOPTIONS /api/admin/users/count [32m204 [0m0.137 ms - 0[0m
[0mGET /api/admin/users/count [32m200 [0m17.183 ms - 123[0m
[0mGET /api/admin/user [32m200 [0m122.197 ms - 1653[0m
[0mOPTIONS /api/admin/user [32m204 [0m0.216 ms - 0[0m
[0mOPTIONS /api/admin/users/count [32m204 [0m0.154 ms - 0[0m
[0mGET /api/admin/users/count [36m304 [0m6.940 ms - -[0m
[0mGET /api/admin/user [36m304 [0m12.092 ms - -[0m
[0mOPTIONS /api/admin/user [32m204 [0m3.344 ms - 0[0m
[0mOPTIONS /api/admin/users/count [32m204 [0m0.510 ms - 0[0m
[0mGET /api/admin/users/count [36m304 [0m104.862 ms - -[0m
[0mGET /api/admin/user [36m304 [0m1132.320 ms - -[0m
[0mOPTIONS /api/admin/user/5b0e707689fd328a34d5a4b6 [32m204 [0m0.269 ms - 0[0m
[0mGET /api/admin/user/5b0e707689fd328a34d5a4b6 [36m304 [0m16.002 ms - -[0m
[0mOPTIONS /api/admin/user/5b0e6d7a2d0d2d0138c18c52 [32m204 [0m0.371 ms - 0[0m
[0mGET /api/admin/user/5b0e6d7a2d0d2d0138c18c52 [36m304 [0m13.925 ms - -[0m
[0mOPTIONS /api/admin/user/5b0e6d7a2d0d2d0138c18c52 [32m204 [0m1.299 ms - 0[0m
[0mGET /api/admin/user/5b0e6d7a2d0d2d0138c18c52 [36m304 [0m25.031 ms - -[0m
[0mOPTIONS /api/admin/user [32m204 [0m0.303 ms - 0[0m
[0mOPTIONS /api/admin/users/count [32m204 [0m0.194 ms - 0[0m
[0mGET /api/admin/user [36m304 [0m30.067 ms - -[0m
[0mGET /api/admin/users/count [36m304 [0m1051.047 ms - -[0m
[0mOPTIONS /api/admin/user/5b0359507334452a58721bc3 [32m204 [0m0.260 ms - 0[0m
[0mGET /api/admin/user/5b0359507334452a58721bc3 [32m200 [0m13.537 ms - 297[0m
[0mDELETE /api/admin/user/5b0359507334452a58721bc3 [32m200 [0m21.003 ms - 50[0m
[0mOPTIONS /api/admin/user [32m204 [0m0.232 ms - 0[0m
[0mOPTIONS /api/admin/users/count [32m204 [0m0.197 ms - 0[0m
[0mGET /api/admin/user [32m200 [0m25.821 ms - 1397[0m
[0mGET /api/admin/users/count [32m200 [0m24.529 ms - 123[0m
[0mOPTIONS /api/admin/user [32m204 [0m0.594 ms - 0[0m
[0mOPTIONS /api/admin/users/count [32m204 [0m0.491 ms - 0[0m
[0mGET /api/admin/user [36m304 [0m16.705 ms - -[0m
[0mGET /api/admin/users/count [36m304 [0m23.645 ms - -[0m
[0mOPTIONS /api/admin/user [32m204 [0m0.238 ms - 0[0m
[0mOPTIONS /api/admin/users/count [32m204 [0m0.249 ms - 0[0m
[0mGET /api/admin/user [36m304 [0m18.689 ms - -[0m
[0mGET /api/admin/users/count [36m304 [0m11.624 ms - -[0m
[0mOPTIONS /api/admin/user/5b0e707689fd328a34d5a4b6 [32m204 [0m0.230 ms - 0[0m
[0mGET /api/admin/user/5b0e707689fd328a34d5a4b6 [36m304 [0m10.493 ms - -[0m
[0mOPTIONS /api/admin/user/5b0e6d7a2d0d2d0138c18c52 [32m204 [0m0.152 ms - 0[0m
[0mGET /api/admin/user/5b0e6d7a2d0d2d0138c18c52 [36m304 [0m20.451 ms - -[0m
[0mOPTIONS /api/admin/user [32m204 [0m0.166 ms - 0[0m
[0mOPTIONS /api/admin/users/count [32m204 [0m0.260 ms - 0[0m
[0mGET /api/admin/user [36m304 [0m27.143 ms - -[0m
[0mGET /api/admin/users/count [36m304 [0m39.980 ms - -[0m
[0mOPTIONS /api/admin/user [32m204 [0m0.224 ms - 0[0m
[0mOPTIONS /api/admin/users/count [32m204 [0m0.224 ms - 0[0m
[0mGET /api/admin/user [36m304 [0m18.409 ms - -[0m
[0mGET /api/admin/users/count [36m304 [0m12.053 ms - -[0m
[0mOPTIONS /api/admin/user/5b0e707689fd328a34d5a4b6 [32m204 [0m0.238 ms - 0[0m
[0mGET /api/admin/user/5b0e707689fd328a34d5a4b6 [36m304 [0m13.880 ms - -[0m
[0mOPTIONS /api/admin/user [32m204 [0m0.296 ms - 0[0m
[0mOPTIONS /api/admin/users/count [32m204 [0m0.230 ms - 0[0m
[0mGET /api/admin/user [36m304 [0m28.222 ms - -[0m
[0mGET /api/admin/users/count [36m304 [0m32.206 ms - -[0m
[0mOPTIONS /api/admin/user/5b0359aa8e7c6aa0a4aec2a4 [32m204 [0m0.263 ms - 0[0m
[0mGET /api/admin/user/5b0359aa8e7c6aa0a4aec2a4 [36m304 [0m15.400 ms - -[0m
[0mOPTIONS /api/admin/user/5b0359aa8e7c6aa0a4aec2a4 [32m204 [0m0.306 ms - 0[0m
[0mGET /api/admin/user/5b0359aa8e7c6aa0a4aec2a4 [36m304 [0m15.203 ms - -[0m
[0mOPTIONS /api/admin/user [32m204 [0m0.221 ms - 0[0m
[0mOPTIONS /api/admin/users/count [32m204 [0m0.229 ms - 0[0m
[0mGET /api/admin/user [36m304 [0m21.090 ms - -[0m
[0mGET /api/admin/users/count [36m304 [0m19.836 ms - -[0m
[0mOPTIONS /api/admin/user [32m204 [0m0.214 ms - 0[0m
[0mOPTIONS /api/admin/users/count [32m204 [0m0.280 ms - 0[0m
[0mGET /api/admin/user [36m304 [0m17.558 ms - -[0m
[0mGET /api/admin/users/count [36m304 [0m12.111 ms - -[0m
[0mOPTIONS /api/admin/user/5b0359aa8e7c6aa0a4aec2a4 [32m204 [0m0.248 ms - 0[0m
[0mGET /api/admin/user/5b0359aa8e7c6aa0a4aec2a4 [36m304 [0m12.617 ms - -[0m
[0mOPTIONS /api/admin/user [32m204 [0m0.248 ms - 0[0m
[0mOPTIONS /api/admin/users/count [32m204 [0m0.218 ms - 0[0m
[0mGET /api/admin/user [36m304 [0m24.588 ms - -[0m
[0mGET /api/admin/users/count [36m304 [0m22.105 ms - -[0m
[0mOPTIONS /api/admin/user/5b0359aa8e7c6aa0a4aec2a4 [32m204 [0m0.245 ms - 0[0m
[0mGET /api/admin/user/5b0359aa8e7c6aa0a4aec2a4 [36m304 [0m17.373 ms - -[0m
[0mOPTIONS /api/admin/user [32m204 [0m0.255 ms - 0[0m
[0mOPTIONS /api/admin/users/count [32m204 [0m0.244 ms - 0[0m
[0mGET /api/admin/user [36m304 [0m25.139 ms - -[0m
[0mGET /api/admin/users/count [36m304 [0m24.972 ms - -[0m
[0mOPTIONS /api/admin/user/5b0359aa8e7c6aa0a4aec2a4 [32m204 [0m0.242 ms - 0[0m
[0mGET /api/admin/user/5b0359aa8e7c6aa0a4aec2a4 [36m304 [0m15.982 ms - -[0m
[0mOPTIONS /api/admin/user [32m204 [0m0.154 ms - 0[0m
[0mOPTIONS /api/admin/users/count [32m204 [0m0.143 ms - 0[0m
[0mGET /api/admin/user [36m304 [0m19.773 ms - -[0m
[0mGET /api/admin/users/count [36m304 [0m22.451 ms - -[0m
[0mOPTIONS /api/admin/user/5b0359aa8e7c6aa0a4aec2a4 [32m204 [0m0.195 ms - 0[0m
[0mGET /api/admin/user/5b0359aa8e7c6aa0a4aec2a4 [36m304 [0m15.981 ms - -[0m
[0mOPTIONS /api/admin/user [32m204 [0m0.185 ms - 0[0m
[0mOPTIONS /api/admin/users/count [32m204 [0m0.224 ms - 0[0m
[0mGET /api/admin/user [36m304 [0m19.249 ms - -[0m
[0mGET /api/admin/users/count [36m304 [0m12.640 ms - -[0m
[0mGET /api/admin/user [36m304 [0m27.205 ms - -[0m
[0mGET /api/admin/users/count [36m304 [0m27.872 ms - -[0m
[0mOPTIONS /api/admin/user/5b0359aa8e7c6aa0a4aec2a4 [32m204 [0m0.230 ms - 0[0m
[0mGET /api/admin/user/5b0359aa8e7c6aa0a4aec2a4 [36m304 [0m16.571 ms - -[0m
[0mOPTIONS /api/admin/user [32m204 [0m0.365 ms - 0[0m
[0mOPTIONS /api/admin/users/count [32m204 [0m0.331 ms - 0[0m
[0mGET /api/admin/user [36m304 [0m18.510 ms - -[0m
[0mGET /api/admin/users/count [36m304 [0m11.613 ms - -[0m
[0mOPTIONS /api/admin/user [32m204 [0m0.227 ms - 0[0m
[0mOPTIONS /api/admin/users/count [32m204 [0m0.146 ms - 0[0m
[0mGET /api/admin/user [36m304 [0m25.255 ms - -[0m
[0mGET /api/admin/users/count [36m304 [0m21.793 ms - -[0m
[0mOPTIONS /api/admin/user/5b0359aa8e7c6aa0a4aec2a4 [32m204 [0m0.234 ms - 0[0m
[0mGET /api/admin/user/5b0359aa8e7c6aa0a4aec2a4 [36m304 [0m15.103 ms - -[0m
[0mOPTIONS /api/admin/user/5b0357db43ac11bcac290380 [32m204 [0m0.315 ms - 0[0m
[0mGET /api/admin/user/5b0357db43ac11bcac290380 [36m304 [0m16.542 ms - -[0m
[0mOPTIONS /api/admin/user/5b0359cf0db2db86d0a1d90f [32m204 [0m0.248 ms - 0[0m
[0mGET /api/admin/user/5b0359cf0db2db86d0a1d90f [36m304 [0m11.140 ms - -[0m
[0mOPTIONS /api/admin/user [32m204 [0m0.280 ms - 0[0m
[0mOPTIONS /api/admin/users/count [32m204 [0m0.221 ms - 0[0m
[0mGET /api/admin/user [36m304 [0m21.143 ms - -[0m
[0mGET /api/admin/users/count [36m304 [0m22.645 ms - -[0m
[0mOPTIONS /api/admin/user [32m204 [0m0.321 ms - 0[0m
[0mOPTIONS /api/admin/users/count [32m204 [0m0.228 ms - 0[0m
[0mGET /api/admin/user [36m304 [0m27.529 ms - -[0m
[0mGET /api/admin/users/count [36m304 [0m33.148 ms - -[0m
[0mOPTIONS /api/admin/user/5b0357db43ac11bcac290380 [32m204 [0m0.243 ms - 0[0m
[0mGET /api/admin/user/5b0357db43ac11bcac290380 [36m304 [0m15.067 ms - -[0m
[0mDELETE /api/admin/user/5b0357db43ac11bcac290380 [32m200 [0m16.015 ms - 57[0m
[0mOPTIONS /api/auth/validate/email [32m204 [0m0.332 ms - 0[0m
[0mOPTIONS /api/auth/validate/email [32m204 [0m0.233 ms - 0[0m
[0mPOST /api/auth/validate/email [32m200 [0m333.530 ms - 40[0m
[0mPOST /api/auth/validate/email [32m200 [0m12.914 ms - 40[0m
[0mPOST /api/auth/validate/email [32m200 [0m3.931 ms - 40[0m
[0mOPTIONS /api/auth/validate/username [32m204 [0m0.197 ms - 0[0m
[0mPOST /api/auth/validate/username [32m200 [0m4.495 ms - 40[0m
[0mPOST /api/auth/validate/username [32m200 [0m4.577 ms - 40[0m
[0mPOST /api/auth/validate/username [32m200 [0m3.674 ms - 40[0m
[0mPOST /api/auth/validate/username [32m200 [0m4.456 ms - 40[0m
[0mPOST /api/auth/validate/username [32m200 [0m4.089 ms - 40[0m
[0mPOST /api/auth/validate/username [32m200 [0m4.133 ms - 40[0m
[0mPOST /api/auth/validate/email [32m200 [0m5.033 ms - 40[0m
[0mPOST /api/auth/validate/username [32m200 [0m4.658 ms - 40[0m
[0mOPTIONS /api/admin/user [32m204 [0m0.199 ms - 0[0m
[0mPOST /api/admin/user [32m200 [0m2766.018 ms - 543[0m
[0mOPTIONS /api/admin/users/count [32m204 [0m0.332 ms - 0[0m
[0mGET /api/admin/user [32m200 [0m17.231 ms - 1365[0m
[0mGET /api/admin/users/count [32m200 [0m10.021 ms - 123[0m
[0mOPTIONS /api/auth/validate/email [32m204 [0m0.250 ms - 0[0m
[0mOPTIONS /api/auth/validate/email [32m204 [0m0.224 ms - 0[0m
[0mPOST /api/auth/validate/email [32m200 [0m3.557 ms - 40[0m
[0mPOST /api/auth/validate/email [32m200 [0m5.677 ms - 40[0m
[0mPOST /api/auth/validate/email [32m200 [0m3.673 ms - 40[0m
[0mOPTIONS /api/auth/validate/username [32m204 [0m0.213 ms - 0[0m
[0mPOST /api/auth/validate/username [32m200 [0m3.517 ms - 40[0m
[0mPOST /api/auth/validate/username [32m200 [0m3.295 ms - 40[0m
[0mPOST /api/auth/validate/username [32m200 [0m3.193 ms - 40[0m
[0mPOST /api/auth/validate/username [32m200 [0m5.330 ms - 40[0m
[0mPOST /api/auth/validate/username [32m200 [0m2.924 ms - 40[0m
[0mPOST /api/auth/validate/username [32m200 [0m3.513 ms - 40[0m
[0mPOST /api/auth/validate/username [32m200 [0m3.553 ms - 40[0m
[0mPOST /api/auth/validate/email [32m200 [0m5.028 ms - 40[0m
[0mPOST /api/auth/validate/username [32m200 [0m4.684 ms - 40[0m
[0mOPTIONS /api/admin/user [32m204 [0m0.232 ms - 0[0m
[0mPOST /api/admin/user [32m200 [0m1549.994 ms - 550[0m
[0mOPTIONS /api/admin/users/count [32m204 [0m0.241 ms - 0[0m
[0mGET /api/admin/user [32m200 [0m16.816 ms - 1611[0m
[0mGET /api/admin/users/count [32m200 [0m11.197 ms - 123[0m
[0mOPTIONS /api/auth/validate/email [32m204 [0m0.152 ms - 0[0m
[0mOPTIONS /api/auth/validate/email [32m204 [0m0.232 ms - 0[0m
[0mPOST /api/auth/validate/email [32m200 [0m3.853 ms - 40[0m
[0mPOST /api/auth/validate/email [32m200 [0m3.339 ms - 40[0m
[0mPOST /api/auth/validate/email [32m200 [0m3.058 ms - 40[0m
[0mOPTIONS /api/auth/validate/username [32m204 [0m0.269 ms - 0[0m
[0mPOST /api/auth/validate/username [32m200 [0m3.688 ms - 40[0m
[0mPOST /api/auth/validate/username [32m200 [0m3.220 ms - 40[0m
[0mPOST /api/auth/validate/username [32m200 [0m2.917 ms - 40[0m
[0mPOST /api/auth/validate/username [32m200 [0m2.474 ms - 40[0m
[0mPOST /api/auth/validate/username [32m200 [0m3.841 ms - 40[0m
[0mPOST /api/auth/validate/username [32m200 [0m3.705 ms - 40[0m
[0mPOST /api/auth/validate/email [32m200 [0m5.037 ms - 40[0m
[0mPOST /api/auth/validate/username [32m200 [0m4.502 ms - 40[0m
[0mOPTIONS /api/admin/user [32m204 [0m0.202 ms - 0[0m
[0mPOST /api/admin/user [32m200 [0m1386.594 ms - 545[0m
[0mOPTIONS /api/admin/users/count [32m204 [0m0.225 ms - 0[0m
[0mGET /api/admin/user [32m200 [0m15.770 ms - 1852[0m
[0mGET /api/admin/users/count [32m200 [0m10.843 ms - 123[0m
[0mOPTIONS /api/auth/validate/email [32m204 [0m0.291 ms - 0[0m
[0mOPTIONS /api/auth/validate/email [32m204 [0m0.234 ms - 0[0m
[0mPOST /api/auth/validate/email [32m200 [0m3.740 ms - 40[0m
[0mPOST /api/auth/validate/email [32m200 [0m4.574 ms - 40[0m
[0mPOST /api/auth/validate/email [32m200 [0m2.848 ms - 40[0m
[0mOPTIONS /api/auth/validate/username [32m204 [0m0.256 ms - 0[0m
[0mPOST /api/auth/validate/username [32m200 [0m3.693 ms - 40[0m
[0mPOST /api/auth/validate/username [32m200 [0m4.225 ms - 40[0m
[0mPOST /api/auth/validate/username [32m200 [0m3.438 ms - 40[0m
[0mPOST /api/auth/validate/username [32m200 [0m3.609 ms - 40[0m
[0mPOST /api/auth/validate/username [32m200 [0m4.841 ms - 40[0m
[0mPOST /api/auth/validate/username [32m200 [0m4.037 ms - 40[0m
[0mPOST /api/auth/validate/username [32m200 [0m3.726 ms - 40[0m
[0mPOST /api/auth/validate/username [32m200 [0m3.477 ms - 40[0m
[0mPOST /api/auth/validate/username [32m200 [0m3.423 ms - 40[0m
[0mOPTIONS /api/auth/validate/email [32m204 [0m0.256 ms - 0[0m
[0mPOST /api/auth/validate/username [32m200 [0m3.284 ms - 40[0m
[0mPOST /api/auth/validate/email [32m200 [0m5.250 ms - 40[0m
[0mOPTIONS /api/admin/user [32m204 [0m0.242 ms - 0[0m
[0mPOST /api/admin/user [32m200 [0m1376.456 ms - 555[0m
[0mGET /api/admin/user [32m200 [0m16.688 ms - 2103[0m
[0mOPTIONS /api/admin/users/count [32m204 [0m0.149 ms - 0[0m
[0mGET /api/admin/users/count [32m200 [0m9.236 ms - 123[0m
[0mOPTIONS /api/auth/validate/email [32m204 [0m0.175 ms - 0[0m
[0mOPTIONS /api/auth/validate/email [32m204 [0m0.217 ms - 0[0m
[0mPOST /api/auth/validate/email [32m200 [0m3.924 ms - 40[0m
[0mPOST /api/auth/validate/email [32m200 [0m3.463 ms - 40[0m
[0mPOST /api/auth/validate/email [32m200 [0m4.118 ms - 40[0m
[0mOPTIONS /api/auth/validate/username [32m204 [0m0.246 ms - 0[0m
[0mPOST /api/auth/validate/username [32m200 [0m3.796 ms - 40[0m
[0mPOST /api/auth/validate/username [32m200 [0m5.074 ms - 40[0m
[0mPOST /api/auth/validate/username [32m200 [0m3.734 ms - 40[0m
[0mPOST /api/auth/validate/username [32m200 [0m3.710 ms - 40[0m
[0mPOST /api/auth/validate/email [32m200 [0m4.951 ms - 40[0m
[0mPOST /api/auth/validate/username [32m200 [0m4.787 ms - 40[0m
[0mOPTIONS /api/admin/user [32m204 [0m0.206 ms - 0[0m
[0mPOST /api/admin/user [32m200 [0m1125.605 ms - 554[0m
[0mOPTIONS /api/admin/users/count [32m204 [0m0.217 ms - 0[0m
[0mPOST /api/auth/validate/username [32m200 [0m5.954 ms - 79[0m
[0mGET /api/admin/user [32m200 [0m30.666 ms - 2353[0m
[0mGET /api/admin/users/count [32m200 [0m17.766 ms - 123[0m
[0mOPTIONS /api/auth/validate/email [32m204 [0m0.172 ms - 0[0m
[0mOPTIONS /api/auth/validate/email [32m204 [0m0.219 ms - 0[0m
[0mPOST /api/auth/validate/email [32m200 [0m3.894 ms - 40[0m
[0mPOST /api/auth/validate/email [32m200 [0m3.609 ms - 40[0m
[0mPOST /api/auth/validate/email [32m200 [0m3.646 ms - 40[0m
[0mOPTIONS /api/auth/validate/username [32m204 [0m0.228 ms - 0[0m
[0mPOST /api/auth/validate/username [32m200 [0m3.421 ms - 40[0m
[0mPOST /api/auth/validate/username [32m200 [0m3.491 ms - 40[0m
[0mPOST /api/auth/validate/username [32m200 [0m3.719 ms - 40[0m
[0mPOST /api/auth/validate/username [32m200 [0m3.597 ms - 40[0m
[0mPOST /api/auth/validate/username [32m200 [0m2.666 ms - 40[0m
[0mPOST /api/auth/validate/username [32m200 [0m2.910 ms - 40[0m
[0mPOST /api/auth/validate/email [32m200 [0m4.853 ms - 40[0m
[0mPOST /api/auth/validate/username [32m200 [0m4.713 ms - 40[0m
[0mOPTIONS /api/admin/user [32m204 [0m0.220 ms - 0[0m
[0mPOST /api/admin/user [32m200 [0m1102.971 ms - 546[0m
[0mOPTIONS /api/admin/users/count [32m204 [0m0.229 ms - 0[0m
[0mPOST /api/auth/validate/username [32m200 [0m6.948 ms - 79[0m
[0mGET /api/admin/user [32m200 [0m23.824 ms - 2595[0m
[0mGET /api/admin/users/count [32m200 [0m10.618 ms - 123[0m
[0mOPTIONS /api/auth/validate/email [32m204 [0m0.150 ms - 0[0m
[0mOPTIONS /api/auth/validate/email [32m204 [0m0.205 ms - 0[0m
[0mPOST /api/auth/validate/email [32m200 [0m3.497 ms - 40[0m
[0mPOST /api/auth/validate/email [32m200 [0m3.476 ms - 40[0m
[0mPOST /api/auth/validate/email [32m200 [0m3.384 ms - 40[0m
[0mOPTIONS /api/auth/validate/username [32m204 [0m0.299 ms - 0[0m
[0mPOST /api/auth/validate/username [32m200 [0m3.466 ms - 40[0m
[0mPOST /api/auth/validate/username [32m200 [0m3.423 ms - 40[0m
[0mPOST /api/auth/validate/username [32m200 [0m4.673 ms - 40[0m
[0mPOST /api/auth/validate/username [32m200 [0m2.754 ms - 40[0m
[0mPOST /api/auth/validate/username [32m200 [0m3.611 ms - 40[0m
[0mPOST /api/auth/validate/username [32m200 [0m2.637 ms - 40[0m
[0mPOST /api/auth/validate/email [32m200 [0m7.299 ms - 40[0m
[0mPOST /api/auth/validate/username [32m200 [0m3.873 ms - 40[0m
[0mOPTIONS /api/admin/user [32m204 [0m0.200 ms - 0[0m
[0mPOST /api/admin/user [32m200 [0m1516.073 ms - 554[0m
[0mOPTIONS /api/admin/users/count [32m204 [0m0.219 ms - 0[0m
[0mPOST /api/auth/validate/username [32m200 [0m5.486 ms - 79[0m
[0mGET /api/admin/user [32m200 [0m22.049 ms - 2845[0m
[0mGET /api/admin/users/count [32m200 [0m20.534 ms - 123[0m
[0mOPTIONS /api/auth/validate/email [32m204 [0m0.144 ms - 0[0m
[0mOPTIONS /api/auth/validate/email [32m204 [0m0.184 ms - 0[0m
[0mPOST /api/auth/validate/email [32m200 [0m3.514 ms - 40[0m
[0mPOST /api/auth/validate/email [32m200 [0m3.184 ms - 40[0m
[0mPOST /api/auth/validate/email [32m200 [0m3.377 ms - 40[0m
[0mOPTIONS /api/auth/validate/username [32m204 [0m0.214 ms - 0[0m
[0mPOST /api/auth/validate/username [32m200 [0m4.758 ms - 40[0m
[0mPOST /api/auth/validate/username [32m200 [0m3.984 ms - 40[0m
[0mPOST /api/auth/validate/username [32m200 [0m3.395 ms - 40[0m
[0mPOST /api/auth/validate/username [32m200 [0m2.352 ms - 40[0m
[0mPOST /api/auth/validate/username [32m200 [0m2.664 ms - 40[0m
[0mPOST /api/auth/validate/username [32m200 [0m3.362 ms - 40[0m
[0mPOST /api/auth/validate/username [32m200 [0m5.087 ms - 40[0m
[0mPOST /api/auth/validate/username [32m200 [0m3.463 ms - 40[0m
[0mPOST /api/auth/validate/username [32m200 [0m4.141 ms - 40[0m
[0mPOST /api/auth/validate/username [32m200 [0m3.340 ms - 40[0m
[0mPOST /api/auth/validate/username [32m200 [0m3.732 ms - 40[0m
[0mPOST /api/auth/validate/email [32m200 [0m7.503 ms - 40[0m
[0mPOST /api/auth/validate/username [32m200 [0m7.334 ms - 40[0m
[0mOPTIONS /api/admin/user [32m204 [0m0.318 ms - 0[0m
[0mPOST /api/admin/user [32m200 [0m1572.032 ms - 558[0m
[0mOPTIONS /api/admin/users/count [32m204 [0m0.201 ms - 0[0m
[0mPOST /api/auth/validate/username [32m200 [0m5.589 ms - 79[0m
[0mGET /api/admin/user [32m200 [0m22.389 ms - 3099[0m
[0mGET /api/admin/users/count [32m200 [0m14.796 ms - 123[0m
[0mOPTIONS /api/auth/validate/email [32m204 [0m0.135 ms - 0[0m
[0mOPTIONS /api/auth/validate/email [32m204 [0m0.217 ms - 0[0m
[0mPOST /api/auth/validate/email [32m200 [0m3.268 ms - 40[0m
[0mPOST /api/auth/validate/email [32m200 [0m8.584 ms - 40[0m
[0mPOST /api/auth/validate/email [32m200 [0m3.295 ms - 40[0m
[0mOPTIONS /api/auth/validate/username [32m204 [0m0.301 ms - 0[0m
[0mPOST /api/auth/validate/username [32m200 [0m3.229 ms - 40[0m
[0mPOST /api/auth/validate/username [32m200 [0m3.032 ms - 40[0m
[0mPOST /api/auth/validate/username [32m200 [0m2.685 ms - 40[0m
[0mPOST /api/auth/validate/username [32m200 [0m2.683 ms - 40[0m
[0mPOST /api/auth/validate/username [32m200 [0m2.709 ms - 40[0m
[0mPOST /api/auth/validate/email [32m200 [0m5.566 ms - 40[0m
[0mPOST /api/auth/validate/username [32m200 [0m5.626 ms - 40[0m
[0mOPTIONS /api/admin/user [32m204 [0m0.231 ms - 0[0m
[0mPOST /api/admin/user [32m200 [0m1472.550 ms - 548[0m
[0mOPTIONS /api/admin/users/count [32m204 [0m0.215 ms - 0[0m
[0mGET /api/admin/user [32m200 [0m20.719 ms - 3343[0m
[0mPOST /api/auth/validate/username [32m200 [0m15.025 ms - 79[0m
[0mGET /api/admin/users/count [32m200 [0m8.005 ms - 123[0m
[0mOPTIONS /api/auth/validate/email [32m204 [0m0.171 ms - 0[0m
[0mOPTIONS /api/auth/validate/email [32m204 [0m0.249 ms - 0[0m
[0mPOST /api/auth/validate/email [32m200 [0m3.094 ms - 40[0m
[0mPOST /api/auth/validate/email [32m200 [0m3.244 ms - 40[0m
[0mPOST /api/auth/validate/email [32m200 [0m3.680 ms - 40[0m
[0mOPTIONS /api/auth/validate/username [32m204 [0m0.275 ms - 0[0m
[0mPOST /api/auth/validate/username [32m200 [0m3.619 ms - 40[0m
[0mPOST /api/auth/validate/username [32m200 [0m2.982 ms - 40[0m
[0mPOST /api/auth/validate/username [32m200 [0m3.440 ms - 40[0m
[0mPOST /api/auth/validate/username [32m200 [0m2.227 ms - 40[0m
[0mPOST /api/auth/validate/username [32m200 [0m3.064 ms - 40[0m
[0mPOST /api/auth/validate/username [32m200 [0m2.428 ms - 40[0m
[0mPOST /api/auth/validate/username [32m200 [0m3.534 ms - 40[0m
[0mPOST /api/auth/validate/username [32m200 [0m2.942 ms - 40[0m
[0mPOST /api/auth/validate/username [32m200 [0m5.152 ms - 40[0m
[0mPOST /api/auth/validate/email [32m200 [0m3.992 ms - 40[0m
[0mPOST /api/auth/validate/username [32m200 [0m3.892 ms - 40[0m
[0mOPTIONS /api/admin/user [32m204 [0m0.228 ms - 0[0m
[0mPOST /api/admin/user [32m200 [0m1409.859 ms - 550[0m
[0mOPTIONS /api/admin/users/count [32m204 [0m0.210 ms - 0[0m
[0mPOST /api/auth/validate/username [32m200 [0m6.630 ms - 79[0m
[0mGET /api/admin/users/count [32m200 [0m7.747 ms - 123[0m
[0mGET /api/admin/user [32m200 [0m57.297 ms - 3589[0m
[0mOPTIONS /api/admin/user [32m204 [0m4.608 ms - 0[0m
[0mOPTIONS /api/admin/users/count [32m204 [0m0.707 ms - 0[0m
[0mGET /api/admin/users/count [36m304 [0m1108.819 ms - -[0m
[0mGET /api/admin/user [36m304 [0m1140.328 ms - -[0m
[0mOPTIONS /api/admin/user [32m204 [0m0.194 ms - 0[0m
[0mOPTIONS /api/admin/users/count [32m204 [0m0.195 ms - 0[0m
[0mGET /api/admin/user [36m304 [0m26.491 ms - -[0m
[0mGET /api/admin/users/count [36m304 [0m23.154 ms - -[0m
[0mOPTIONS /api/admin/user [32m204 [0m0.134 ms - 0[0m
[0mOPTIONS /api/admin/users/count [32m204 [0m0.157 ms - 0[0m
[0mGET /api/admin/user [36m304 [0m29.879 ms - -[0m
[0mGET /api/admin/users/count [36m304 [0m33.308 ms - -[0m
[0mOPTIONS /api/admin/user [32m204 [0m218.640 ms - 0[0m
[0mOPTIONS /api/admin/users/count [32m204 [0m0.157 ms - 0[0m
[0mGET /api/admin/user [32m200 [0m42338.466 ms - 3641[0m
[0mGET /api/admin/users/count [32m200 [0m48585.830 ms - 123[0m
[0mOPTIONS /api/admin/user [32m204 [0m0.197 ms - 0[0m
[0mOPTIONS /api/admin/users/count [32m204 [0m0.166 ms - 0[0m
[0mGET /api/admin/users/count [36m304 [0m278.137 ms - -[0m
[0mGET /api/admin/user [36m304 [0m296.382 ms - -[0m
[0mOPTIONS /api/admin/user [32m204 [0m4.929 ms - 0[0m
[0mOPTIONS /api/admin/users/count [32m204 [0m1.008 ms - 0[0m
[0mGET /api/admin/user [36m304 [0m340.669 ms - -[0m
[0mGET /api/admin/users/count [36m304 [0m19.879 ms - -[0m
[0mOPTIONS /api/admin/user [32m204 [0m0.330 ms - 0[0m
[0mOPTIONS /api/admin/users/count [32m204 [0m0.199 ms - 0[0m
[0mGET /api/admin/users/count [36m304 [0m16.422 ms - -[0m
[0mGET /api/admin/user [36m304 [0m46.277 ms - -[0m
[0mOPTIONS /api/admin/user [32m204 [0m0.227 ms - 0[0m
[0mOPTIONS /api/admin/users/count [32m204 [0m0.160 ms - 0[0m
[0mGET /api/admin/user [36m304 [0m1055.313 ms - -[0m
[0mGET /api/admin/users/count [36m304 [0m1326.430 ms - -[0m
[0mOPTIONS /api/admin/user [32m204 [0m0.338 ms - 0[0m
[0mOPTIONS /api/admin/users/count [32m204 [0m0.161 ms - 0[0m
[0mGET /api/admin/users/count [36m304 [0m73.916 ms - -[0m
[0mGET /api/admin/user [36m304 [0m170.827 ms - -[0m
[0mOPTIONS /api/admin/user [32m204 [0m0.220 ms - 0[0m
[0mOPTIONS /api/admin/users/count [32m204 [0m0.210 ms - 0[0m
[0mGET /api/admin/users/count [36m304 [0m11.602 ms - -[0m
[0mGET /api/admin/user [36m304 [0m22.466 ms - -[0m
[0mOPTIONS /api/admin/user [32m204 [0m0.148 ms - 0[0m
[0mOPTIONS /api/admin/users/count [32m204 [0m0.142 ms - 0[0m
[0mGET /api/admin/user [36m304 [0m32.600 ms - -[0m
[0mGET /api/admin/users/count [36m304 [0m29.214 ms - -[0m
[0mOPTIONS /api/admin/user [32m204 [0m0.189 ms - 0[0m
[0mOPTIONS /api/admin/users/count [32m204 [0m0.159 ms - 0[0m
[0mGET /api/admin/users/count [36m304 [0m255.522 ms - -[0m
[0mGET /api/admin/user [36m304 [0m275.449 ms - -[0m
[0mOPTIONS /api/admin/user [32m204 [0m0.191 ms - 0[0m
[0mOPTIONS /api/admin/users/count [32m204 [0m0.162 ms - 0[0m
[0mGET /api/admin/users/count [36m304 [0m9.140 ms - -[0m
[0mGET /api/admin/user [36m304 [0m3427.942 ms - -[0m
[0mOPTIONS /api/admin/user [32m204 [0m0.129 ms - 0[0m
[0mOPTIONS /api/admin/users/count [32m204 [0m0.160 ms - 0[0m
[0mGET /api/admin/users/count [36m304 [0m8.288 ms - -[0m
[0mGET /api/admin/user [36m304 [0m3801.414 ms - -[0m
[0mOPTIONS /api/admin/user [32m204 [0m0.162 ms - 0[0m
[0mOPTIONS /api/admin/users/count [32m204 [0m0.159 ms - 0[0m
[0mGET /api/admin/users/count [36m304 [0m448.316 ms - -[0m
[0mGET /api/admin/user [36m304 [0m2197.544 ms - -[0m
[0mOPTIONS /api/admin/user/5b0fadcf0bf553504459aec5 [32m204 [0m0.220 ms - 0[0m
[0mGET /api/admin/user/5b0fadcf0bf553504459aec5 [32m200 [0m5884.999 ms - 287[0m
[0mOPTIONS /api/auth/validate/email [32m204 [0m0.189 ms - 0[0m
[0mOPTIONS /api/auth/validate/username [32m204 [0m0.161 ms - 0[0m
[0mPOST /api/auth/validate/email [32m200 [0m3041.188 ms - 82[0m
[0mPOST /api/auth/validate/username [32m200 [0m59.471 ms - 79[0m
[0mOPTIONS /api/admin/user [32m204 [0m0.158 ms - 0[0m
[0mOPTIONS /api/admin/users/count [32m204 [0m0.205 ms - 0[0m
[0mGET /api/admin/user [36m304 [0m34.921 ms - -[0m
[0mGET /api/admin/users/count [36m304 [0m38.790 ms - -[0m
[0mOPTIONS /api/admin/user/5b0fadb70bf553504459aec4 [32m204 [0m0.182 ms - 0[0m
[0mGET /api/admin/user/5b0fadb70bf553504459aec4 [32m200 [0m12.320 ms - 285[0m
[0mOPTIONS /api/auth/validate/email [32m204 [0m0.169 ms - 0[0m
[0mOPTIONS /api/auth/validate/username [32m204 [0m0.152 ms - 0[0m
[0mPOST /api/auth/validate/email [32m200 [0m6.157 ms - 82[0m
[0mPOST /api/auth/validate/username [32m200 [0m6.444 ms - 79[0m
[0mOPTIONS /api/admin/user/5b0fadb70bf553504459aec4 [32m204 [0m0.190 ms - 0[0m
[0mGET /api/admin/user/5b0fadb70bf553504459aec4 [36m304 [0m11.598 ms - -[0m
[0mOPTIONS /api/auth/validate/email [32m204 [0m0.165 ms - 0[0m
[0mOPTIONS /api/auth/validate/username [32m204 [0m0.160 ms - 0[0m
[0mPOST /api/auth/validate/email [32m200 [0m5.389 ms - 82[0m
[0mPOST /api/auth/validate/username [32m200 [0m5.855 ms - 79[0m
[0mOPTIONS /api/admin/user [32m204 [0m0.247 ms - 0[0m
[0mOPTIONS /api/admin/users/count [32m204 [0m0.167 ms - 0[0m
[0mGET /api/admin/user [36m304 [0m30.148 ms - -[0m
[0mGET /api/admin/users/count [36m304 [0m28.766 ms - -[0m
[0mOPTIONS /api/admin/user/5b0fadb70bf553504459aec4 [32m204 [0m0.158 ms - 0[0m
[0mGET /api/admin/user/5b0fadb70bf553504459aec4 [36m304 [0m12.117 ms - -[0m
[0mOPTIONS /api/admin/user/5b0fadb70bf553504459aec4 [32m204 [0m0.180 ms - 0[0m
[0mGET /api/admin/user/5b0fadb70bf553504459aec4 [36m304 [0m10.375 ms - -[0m
[0mOPTIONS /api/admin/user/5b0fadb70bf553504459aec4 [32m204 [0m0.165 ms - 0[0m
[0mGET /api/admin/user/5b0fadb70bf553504459aec4 [36m304 [0m12.375 ms - -[0m
[0mOPTIONS /api/admin/user/5b0fadb70bf553504459aec4 [32m204 [0m0.189 ms - 0[0m
[0mGET /api/admin/user/5b0fadb70bf553504459aec4 [36m304 [0m27.973 ms - -[0m
[0mOPTIONS /api/admin/user [32m204 [0m0.158 ms - 0[0m
[0mOPTIONS /api/admin/users/count [32m204 [0m0.148 ms - 0[0m
[0mGET /api/admin/user [36m304 [0m20.327 ms - -[0m
[0mGET /api/admin/users/count [36m304 [0m23.440 ms - -[0m
[0mOPTIONS /api/admin/user [32m204 [0m0.143 ms - 0[0m
[0mOPTIONS /api/admin/users/count [32m204 [0m0.159 ms - 0[0m
[0mGET /api/admin/user [36m304 [0m26.666 ms - -[0m
[0mGET /api/admin/users/count [36m304 [0m25.380 ms - -[0m
[0mOPTIONS /api/admin/user [32m204 [0m0.179 ms - 0[0m
[0mOPTIONS /api/admin/users/count [32m204 [0m0.131 ms - 0[0m
[0mGET /api/admin/user [36m304 [0m33.016 ms - -[0m
[0mGET /api/admin/users/count [36m304 [0m34.949 ms - -[0m
[0mOPTIONS /api/admin/user/5b0fadb70bf553504459aec4 [32m204 [0m0.187 ms - 0[0m
[0mGET /api/admin/user/5b0fadb70bf553504459aec4 [36m304 [0m11.453 ms - -[0m
[0mOPTIONS /api/admin/user/5b0fadb70bf553504459aec4 [32m204 [0m0.192 ms - 0[0m
[0mGET /api/admin/user/5b0fadb70bf553504459aec4 [36m304 [0m333.907 ms - -[0m
[0mOPTIONS /api/admin/user/5b0fadb70bf553504459aec4 [32m204 [0m0.138 ms - 0[0m
[0mGET /api/admin/user/5b0fadb70bf553504459aec4 [36m304 [0m11.654 ms - -[0m
[0mOPTIONS /api/admin/user/5b0fadb70bf553504459aec4 [32m204 [0m0.160 ms - 0[0m
[0mGET /api/admin/user/5b0fadb70bf553504459aec4 [36m304 [0m9.634 ms - -[0m
[0mOPTIONS /api/admin/user [32m204 [0m0.170 ms - 0[0m
[0mOPTIONS /api/admin/users/count [32m204 [0m0.159 ms - 0[0m
[0mGET /api/admin/user [36m304 [0m17.513 ms - -[0m
[0mGET /api/admin/users/count [36m304 [0m10.727 ms - -[0m
[0mGET /api/admin/user [36m304 [0m26.689 ms - -[0m
[0mGET /api/admin/users/count [36m304 [0m25.906 ms - -[0m
[0mOPTIONS /api/admin/user [32m204 [0m4.949 ms - 0[0m
[0mOPTIONS /api/admin/users/count [32m204 [0m0.632 ms - 0[0m
[0mGET /api/admin/users/count [36m304 [0m61.735 ms - -[0m
[0mGET /api/admin/user [36m304 [0m1082.479 ms - -[0m
[0mOPTIONS /api/admin/user [32m204 [0m0.283 ms - 0[0m
[0mOPTIONS /api/admin/users/count [32m204 [0m0.145 ms - 0[0m
[0mGET /api/admin/user [36m304 [0m32.155 ms - -[0m
[0mGET /api/admin/users/count [36m304 [0m1038.328 ms - -[0m
[0mOPTIONS /api/admin/user [32m204 [0m0.180 ms - 0[0m
[0mOPTIONS /api/admin/users/count [32m204 [0m0.152 ms - 0[0m
[0mGET /api/admin/user [36m304 [0m32.531 ms - -[0m
[0mGET /api/admin/users/count [36m304 [0m42.227 ms - -[0m
[0mOPTIONS /api/admin/user [32m204 [0m0.231 ms - 0[0m
[0mOPTIONS /api/admin/users/count [32m204 [0m0.157 ms - 0[0m
[0mGET /api/admin/user [36m304 [0m36.751 ms - -[0m
[0mGET /api/admin/users/count [36m304 [0m38.339 ms - -[0m
[0mOPTIONS /api/admin/user [32m204 [0m0.617 ms - 0[0m
[0mOPTIONS /api/admin/users/count [32m204 [0m0.147 ms - 0[0m
[0mGET /api/admin/user [36m304 [0m32.180 ms - -[0m
[0mGET /api/admin/users/count [36m304 [0m32.723 ms - -[0m
[0mOPTIONS /api/auth/signout [32m204 [0m0.180 ms - 0[0m
[0mPOST /api/auth/signout [32m200 [0m144.066 ms - 28[0m
[0mOPTIONS /api/admin/user [32m204 [0m0.134 ms - 0[0m
[0mOPTIONS /api/admin/users/count [32m204 [0m0.184 ms - 0[0m
[0mGET /api/admin/user [36m304 [0m31.512 ms - -[0m
[0mGET /api/admin/users/count [36m304 [0m29.323 ms - -[0m
[0mOPTIONS /api/admin/user [32m204 [0m0.240 ms - 0[0m
[0mOPTIONS /api/admin/users/count [32m204 [0m0.145 ms - 0[0m
[0mGET /api/admin/user [36m304 [0m22.500 ms - -[0m
[0mGET /api/admin/users/count [36m304 [0m11.501 ms - -[0m
[0mOPTIONS /api/admin/user [32m204 [0m5.680 ms - 0[0m
[0mOPTIONS /api/admin/users/count [32m204 [0m0.477 ms - 0[0m
[0mGET /api/admin/users/count [36m304 [0m1236.021 ms - -[0m
[0mGET /api/admin/user [36m304 [0m1307.286 ms - -[0m
[0mOPTIONS /api/admin/user [32m204 [0m0.631 ms - 0[0m
[0mOPTIONS /api/admin/users/count [32m204 [0m0.159 ms - 0[0m
[0mGET /api/admin/user [36m304 [0m39.121 ms - -[0m
[0mGET /api/admin/users/count [36m304 [0m1169.768 ms - -[0m
[0mOPTIONS /api/admin/user [32m204 [0m0.178 ms - 0[0m
[0mOPTIONS /api/admin/users/count [32m204 [0m0.160 ms - 0[0m
[0mGET /api/admin/user [36m304 [0m17.634 ms - -[0m
[0mGET /api/admin/users/count [36m304 [0m12.586 ms - -[0m
[0mOPTIONS /api/admin/user [32m204 [0m0.206 ms - 0[0m
[0mOPTIONS /api/admin/users/count [32m204 [0m0.154 ms - 0[0m
[0mGET /api/admin/user [36m304 [0m39.985 ms - -[0m
[0mGET /api/admin/users/count [36m304 [0m36.785 ms - -[0m
[0mOPTIONS /api/admin/user [32m204 [0m0.177 ms - 0[0m
[0mOPTIONS /api/admin/users/count [32m204 [0m0.143 ms - 0[0m
[0mGET /api/admin/user [36m304 [0m24.608 ms - -[0m
[0mGET /api/admin/users/count [36m304 [0m26.164 ms - -[0m
[0mOPTIONS /api/admin/users/undefined [32m204 [0m4.920 ms - 0[0m
[0mOPTIONS /api/admin/users/count [32m204 [0m0.537 ms - 0[0m
[0mGET /api/admin/users/undefined [33m403 [0m62.563 ms - 36[0m
[0mGET /api/admin/users/count [33m403 [0m86.807 ms - 36[0m
[0mOPTIONS /api/admin/users/undefined [32m204 [0m0.544 ms - 0[0m
[0mOPTIONS /api/admin/users/count [32m204 [0m0.437 ms - 0[0m
[0mGET /api/admin/users/undefined [33m403 [0m17.399 ms - 36[0m
[0mGET /api/admin/users/count [33m403 [0m14.777 ms - 36[0m
[0mOPTIONS /api/admin/users/1 [32m204 [0m0.283 ms - 0[0m
[0mOPTIONS /api/admin/users/count [32m204 [0m0.160 ms - 0[0m
[0mGET /api/admin/users/1 [33m403 [0m9.223 ms - 36[0m
[0mGET /api/admin/users/count [33m403 [0m7.833 ms - 36[0m
[0mOPTIONS /api/admin/users/1 [32m204 [0m0.164 ms - 0[0m
[0mOPTIONS /api/admin/users/count [32m204 [0m0.170 ms - 0[0m
[0mGET /api/admin/users/1 [33m403 [0m7.751 ms - 36[0m
[0mGET /api/admin/users/count [33m403 [0m9.974 ms - 36[0m
[0mOPTIONS /api/admin/users/1 [32m204 [0m0.175 ms - 0[0m
[0mOPTIONS /api/admin/users/count [32m204 [0m0.182 ms - 0[0m
[0mGET /api/admin/users/1 [33m403 [0m9.522 ms - 36[0m
[0mGET /api/admin/users/count [33m403 [0m8.491 ms - 36[0m
[0mGET /api/admin/users/1 [33m403 [0m37.276 ms - 36[0m
[0mGET /api/admin/users/1 [32m200 [0m1162.038 ms - 3020[0m
[0mOPTIONS /api/admin/users/1 [32m204 [0m1.491 ms - 0[0m
[0mOPTIONS /api/admin/users/count [32m204 [0m0.577 ms - 0[0m
[0mGET /api/admin/users/1 [32m200 [0m1063.921 ms - 3020[0m
[0mGET /api/admin/users/count [32m200 [0m1110.639 ms - 123[0m
[0mOPTIONS /api/admin/users/1 [32m204 [0m0.327 ms - 0[0m
[0mOPTIONS /api/admin/users/count [32m204 [0m0.161 ms - 0[0m
[0mGET /api/admin/users/1 [36m304 [0m35.803 ms - -[0m
[0mGET /api/admin/users/count [36m304 [0m29.257 ms - -[0m
[0mOPTIONS /api/admin/users/1 [32m204 [0m0.161 ms - 0[0m
[0mOPTIONS /api/admin/users/count [32m204 [0m0.155 ms - 0[0m
[0mGET /api/admin/users/1 [36m304 [0m28.954 ms - -[0m
[0mGET /api/admin/users/count [36m304 [0m10.707 ms - -[0m
[0mOPTIONS /api/admin/users/1 [32m204 [0m0.178 ms - 0[0m
[0mOPTIONS /api/admin/users/count [32m204 [0m0.158 ms - 0[0m
[0mGET /api/admin/users/count [36m304 [0m24.688 ms - -[0m
[0mGET /api/admin/users/1 [36m304 [0m1036.819 ms - -[0m
[0mOPTIONS /api/admin/users/1 [32m204 [0m0.193 ms - 0[0m
[0mOPTIONS /api/admin/users/count [32m204 [0m0.160 ms - 0[0m
[0mGET /api/admin/users/1 [36m304 [0m31.550 ms - -[0m
[0mGET /api/admin/users/count [36m304 [0m30.209 ms - -[0m
[0mOPTIONS /api/admin/users/1 [32m204 [0m0.198 ms - 0[0m
[0mOPTIONS /api/admin/users/count [32m204 [0m0.176 ms - 0[0m
[0mGET /api/admin/users/1 [36m304 [0m30.595 ms - -[0m
[0mGET /api/admin/users/count [36m304 [0m12.686 ms - -[0m
[0mOPTIONS /api/admin/users/1 [32m204 [0m0.145 ms - 0[0m
[0mOPTIONS /api/admin/users/count [32m204 [0m0.183 ms - 0[0m
[0mGET /api/admin/users/count [36m304 [0m26.545 ms - -[0m
[0mGET /api/admin/users/1 [36m304 [0m33.991 ms - -[0m
[0mOPTIONS /api/admin/users/1 [32m204 [0m0.184 ms - 0[0m
[0mOPTIONS /api/admin/users/count [32m204 [0m0.154 ms - 0[0m
[0mGET /api/admin/users/count [36m304 [0m27.748 ms - -[0m
[0mGET /api/admin/users/1 [36m304 [0m35.876 ms - -[0m
[0mOPTIONS /api/admin/users/1 [32m204 [0m0.180 ms - 0[0m
[0mOPTIONS /api/admin/users/count [32m204 [0m0.147 ms - 0[0m
[0mGET /api/admin/users/1 [36m304 [0m32.500 ms - -[0m
[0mGET /api/admin/users/count [36m304 [0m29.428 ms - -[0m
[0mOPTIONS /api/admin/users/1 [32m204 [0m1.292 ms - 0[0m
[0mOPTIONS /api/admin/users/count [32m204 [0m0.174 ms - 0[0m
[0mGET /api/admin/users/count [36m304 [0m22.284 ms - -[0m
[0mGET /api/admin/users/1 [36m304 [0m29.319 ms - -[0m
[0mOPTIONS /api/admin/users/2 [32m204 [0m0.184 ms - 0[0m
[0mGET /api/admin/users/2 [32m200 [0m20.150 ms - 656[0m
[0mOPTIONS /api/admin/users/1 [32m204 [0m0.170 ms - 0[0m
[0mOPTIONS /api/admin/users/count [32m204 [0m0.166 ms - 0[0m
[0mGET /api/admin/users/count [36m304 [0m31.947 ms - -[0m
[0mGET /api/admin/users/1 [36m304 [0m35.622 ms - -[0m
[0mOPTIONS /api/admin/users/2 [32m204 [0m0.170 ms - 0[0m
[0mGET /api/admin/users/2 [36m304 [0m18.945 ms - -[0m
[0mOPTIONS /api/admin/users/1 [32m204 [0m0.177 ms - 0[0m
[0mOPTIONS /api/admin/users/count [32m204 [0m0.161 ms - 0[0m
[0mOPTIONS /api/admin/users/1 [32m204 [0m0.162 ms - 0[0m
[0mGET /api/admin/users/count [36m304 [0m28.911 ms - -[0m
[0mGET /api/admin/users/1 [36m304 [0m36.763 ms - -[0m
[0mGET /api/admin/users/1 [36m304 [0m28.005 ms - -[0m
[0mOPTIONS /api/admin/users/1 [32m204 [0m0.180 ms - 0[0m
[0mOPTIONS /api/admin/users/count [32m204 [0m0.164 ms - 0[0m
[0mGET /api/admin/users/count [36m304 [0m30.767 ms - -[0m
[0mGET /api/admin/users/1 [36m304 [0m36.084 ms - -[0m
[0mOPTIONS /api/admin/users/2 [32m204 [0m0.186 ms - 0[0m
[0mOPTIONS /api/admin/users/2 [32m204 [0m0.160 ms - 0[0m
[0mGET /api/admin/users/2 [36m304 [0m20.466 ms - -[0m
[0mGET /api/admin/users/2 [36m304 [0m12.876 ms - -[0m
[0mGET /api/admin/users/2 [36m304 [0m15.991 ms - -[0m
[0mGET /api/admin/users/2 [36m304 [0m19.339 ms - -[0m
[0mGET /api/admin/users/2 [36m304 [0m16.814 ms - -[0m
[0mGET /api/admin/users/2 [36m304 [0m18.775 ms - -[0m
[0mGET /api/admin/users/2 [36m304 [0m19.962 ms - -[0m
[0mGET /api/admin/users/2 [36m304 [0m26.571 ms - -[0m
[0mGET /api/admin/users/2 [36m304 [0m22.739 ms - -[0m
[0mGET /api/admin/users/2 [36m304 [0m17.739 ms - -[0m
[0mOPTIONS /api/admin/users/1 [32m204 [0m0.197 ms - 0[0m
[0mOPTIONS /api/admin/users/count [32m204 [0m0.161 ms - 0[0m
[0mGET /api/admin/users/count [36m304 [0m19.671 ms - -[0m
[0mGET /api/admin/users/1 [36m304 [0m31.268 ms - -[0m
[0mOPTIONS /api/admin/users/2 [32m204 [0m0.172 ms - 0[0m
[0mGET /api/admin/users/2 [36m304 [0m16.031 ms - -[0m
[0mOPTIONS /api/admin/users/1 [32m204 [0m0.176 ms - 0[0m
[0mOPTIONS /api/admin/users/count [32m204 [0m0.363 ms - 0[0m
[0mGET /api/admin/users/1 [36m304 [0m25.164 ms - -[0m
[0mGET /api/admin/users/count [36m304 [0m19.074 ms - -[0m
[0mOPTIONS /api/admin/users/2 [32m204 [0m0.253 ms - 0[0m
[0mGET /api/admin/users/2 [36m304 [0m15.932 ms - -[0m
[0mGET /api/admin/users/2 [36m304 [0m16.318 ms - -[0m
[0mGET /api/admin/users/2 [36m304 [0m21.980 ms - -[0m
[0mGET /api/admin/users/2 [36m304 [0m17.046 ms - -[0m
[0mGET /api/admin/users/2 [36m304 [0m16.772 ms - -[0m
[0mGET /api/admin/users/2 [36m304 [0m16.193 ms - -[0m
[0mGET /api/admin/users/2 [36m304 [0m16.971 ms - -[0m
[0mGET /api/admin/users/2 [36m304 [0m15.776 ms - -[0m
[0mGET /api/admin/users/2 [36m304 [0m17.114 ms - -[0m
[0mGET /api/admin/users/2 [36m304 [0m14.111 ms - -[0m
[0mGET /api/admin/users/2 [36m304 [0m15.240 ms - -[0m
[0mGET /api/admin/users/2 [36m304 [0m18.090 ms - -[0m
[0mGET /api/admin/users/2 [36m304 [0m15.327 ms - -[0m
[0mGET /api/admin/users/2 [36m304 [0m12.845 ms - -[0m
[0mGET /api/admin/users/2 [36m304 [0m14.998 ms - -[0m
[0mGET /api/admin/users/2 [36m304 [0m12.410 ms - -[0m
[0mGET /api/admin/users/2 [36m304 [0m16.871 ms - -[0m
[0mGET /api/admin/users/2 [36m304 [0m13.138 ms - -[0m
[0mGET /api/admin/users/2 [36m304 [0m11.781 ms - -[0m
[0mGET /api/admin/users/2 [36m304 [0m17.784 ms - -[0m
[0mGET /api/admin/users/2 [36m304 [0m17.246 ms - -[0m
[0mGET /api/admin/users/2 [36m304 [0m12.238 ms - -[0m
[0mGET /api/admin/users/2 [36m304 [0m13.238 ms - -[0m
[0mGET /api/admin/users/2 [36m304 [0m14.979 ms - -[0m
[0mGET /api/admin/users/2 [36m304 [0m16.553 ms - -[0m
[0mOPTIONS /api/admin/users/1 [32m204 [0m0.161 ms - 0[0m
[0mOPTIONS /api/admin/users/count [32m204 [0m0.166 ms - 0[0m
[0mOPTIONS /api/admin/users/1 [32m204 [0m0.128 ms - 0[0m
[0mGET /api/admin/users/1 [36m304 [0m29.761 ms - -[0m
[0mGET /api/admin/users/count [36m304 [0m23.928 ms - -[0m
[0mGET /api/admin/users/1 [36m304 [0m24.150 ms - -[0m
[0mOPTIONS /api/admin/users/1 [32m204 [0m0.142 ms - 0[0m
[0mOPTIONS /api/admin/users/count [32m204 [0m0.133 ms - 0[0m
[0mGET /api/admin/users/count [36m304 [0m33.807 ms - -[0m
[0mGET /api/admin/users/1 [36m304 [0m38.133 ms - -[0m
[0mOPTIONS /api/admin/users/1 [32m204 [0m0.160 ms - 0[0m
[0mOPTIONS /api/admin/users/count [32m204 [0m0.154 ms - 0[0m
[0mGET /api/admin/users/count [36m304 [0m26.651 ms - -[0m
[0mGET /api/admin/users/1 [36m304 [0m156.387 ms - -[0m
[0mOPTIONS /api/admin/users/2 [32m204 [0m0.183 ms - 0[0m
[0mOPTIONS /api/admin/users/2 [32m204 [0m0.215 ms - 0[0m
[0mGET /api/admin/users/2 [0m- [0m- ms - -[0m
[0mOPTIONS /api/admin/users/1 [32m204 [0m0.180 ms - 0[0m
[0mOPTIONS /api/admin/users/count [32m204 [0m0.108 ms - 0[0m
[0mGET /api/admin/users/count [36m304 [0m25.409 ms - -[0m
[0mGET /api/admin/users/1 [36m304 [0m33.536 ms - -[0m
[0mOPTIONS /api/admin/users/2 [32m204 [0m0.129 ms - 0[0m
[0mGET /api/admin/users/2 [32m200 [0m17.913 ms - 656[0m
[0mOPTIONS /api/admin/users/1 [32m204 [0m0.207 ms - 0[0m
[0mOPTIONS /api/admin/users/count [32m204 [0m0.145 ms - 0[0m
[0mGET /api/admin/users/1 [36m304 [0m25.432 ms - -[0m
[0mGET /api/admin/users/count [36m304 [0m11.167 ms - -[0m
[0mOPTIONS /api/admin/users/2 [32m204 [0m0.154 ms - 0[0m
[0mGET /api/admin/users/2 [36m304 [0m17.045 ms - -[0m
[0mGET /api/admin/users/2 [36m304 [0m17.763 ms - -[0m
[0mGET /api/admin/users/2 [36m304 [0m17.783 ms - -[0m
[0mGET /api/admin/users/2 [36m304 [0m18.413 ms - -[0m
[0mGET /api/admin/users/2 [36m304 [0m19.632 ms - -[0m
[0mGET /api/admin/users/2 [36m304 [0m18.768 ms - -[0m
[0mGET /api/admin/users/2 [36m304 [0m18.259 ms - -[0m
[0mGET /api/admin/users/2 [36m304 [0m21.961 ms - -[0m
[0mOPTIONS /api/admin/users/2 [32m204 [0m0.113 ms - 0[0m
[0mGET /api/admin/users/2 [36m304 [0m18.293 ms - -[0m
[0mGET /api/admin/users/2 [36m304 [0m27.172 ms - -[0m
[0mGET /api/admin/users/2 [36m304 [0m18.820 ms - -[0m
[0mGET /api/admin/users/2 [36m304 [0m17.450 ms - -[0m
[0mGET /api/admin/users/2 [36m304 [0m17.927 ms - -[0m
[0mGET /api/admin/users/2 [36m304 [0m17.679 ms - -[0m
[0mGET /api/admin/users/2 [36m304 [0m17.907 ms - -[0m
[0mGET /api/admin/users/2 [36m304 [0m19.897 ms - -[0m
[0mGET /api/admin/users/2 [36m304 [0m20.079 ms - -[0m
[0mGET /api/admin/users/2 [36m304 [0m17.773 ms - -[0m
[0mGET /api/admin/users/2 [36m304 [0m18.153 ms - -[0m
[0mGET /api/admin/users/2 [36m304 [0m17.708 ms - -[0m
[0mGET /api/admin/users/2 [36m304 [0m18.017 ms - -[0m
[0mGET /api/admin/users/2 [36m304 [0m18.499 ms - -[0m
[0mGET /api/admin/users/2 [36m304 [0m16.143 ms - -[0m
[0mGET /api/admin/users/2 [36m304 [0m20.892 ms - -[0m
[0mGET /api/admin/users/2 [36m304 [0m17.617 ms - -[0m
[0mGET /api/admin/users/2 [36m304 [0m19.223 ms - -[0m
[0mGET /api/admin/users/2 [36m304 [0m17.235 ms - -[0m
[0mGET /api/admin/users/2 [36m304 [0m17.015 ms - -[0m
[0mGET /api/admin/users/2 [36m304 [0m21.167 ms - -[0m
[0mGET /api/admin/users/2 [36m304 [0m20.106 ms - -[0m
[0mGET /api/admin/users/2 [36m304 [0m18.645 ms - -[0m
[0mGET /api/admin/users/2 [36m304 [0m19.699 ms - -[0m
[0mGET /api/admin/users/2 [36m304 [0m17.420 ms - -[0m
[0mGET /api/admin/users/2 [36m304 [0m17.596 ms - -[0m
[0mGET /api/admin/users/2 [36m304 [0m17.698 ms - -[0m
[0mOPTIONS /api/admin/users/1 [32m204 [0m0.201 ms - 0[0m
[0mOPTIONS /api/admin/users/count [32m204 [0m0.169 ms - 0[0m
[0mOPTIONS /api/admin/users/2 [32m204 [0m0.143 ms - 0[0m
[0mOPTIONS /api/admin/users/1 [32m204 [0m0.148 ms - 0[0m
[0mGET /api/admin/users/count [36m304 [0m32.335 ms - -[0m
[0mGET /api/admin/users/1 [36m304 [0m38.105 ms - -[0m
[0mGET /api/admin/users/2 [36m304 [0m39.777 ms - -[0m
[0mGET /api/admin/users/1 [36m304 [0m29.324 ms - -[0m
[0mOPTIONS /api/admin/users/1 [32m204 [0m0.150 ms - 0[0m
[0mOPTIONS /api/admin/users/count [32m204 [0m0.134 ms - 0[0m
[0mGET /api/admin/users/count [36m304 [0m24.507 ms - -[0m
[0mGET /api/admin/users/1 [36m304 [0m32.583 ms - -[0m
[0mOPTIONS /api/admin/users/2 [32m204 [0m0.158 ms - 0[0m
[0mGET /api/admin/users/2 [36m304 [0m19.239 ms - -[0m
[0mOPTIONS /api/admin/users/1 [32m204 [0m0.121 ms - 0[0m
[0mOPTIONS /api/admin/users/count [32m204 [0m0.137 ms - 0[0m
[0mOPTIONS /api/admin/users/1 [32m204 [0m0.162 ms - 0[0m
[0mGET /api/admin/users/count [36m304 [0m21.630 ms - -[0m
[0mGET /api/admin/users/1 [36m304 [0m29.406 ms - -[0m
[0mGET /api/admin/users/1 [36m304 [0m21.816 ms - -[0m
[0mOPTIONS /api/admin/users/1 [32m204 [0m0.158 ms - 0[0m
[0mOPTIONS /api/admin/users/count [32m204 [0m0.146 ms - 0[0m
[0mGET /api/admin/users/count [36m304 [0m26.346 ms - -[0m
[0mGET /api/admin/users/1 [36m304 [0m33.539 ms - -[0m
[0mOPTIONS /api/admin/users/2 [32m204 [0m0.158 ms - 0[0m
[0mGET /api/admin/users/2 [36m304 [0m18.986 ms - -[0m
[0mOPTIONS /api/admin/users/1 [32m204 [0m0.146 ms - 0[0m
[0mOPTIONS /api/admin/users/count [32m204 [0m0.134 ms - 0[0m
[0mOPTIONS /api/admin/users/1 [32m204 [0m0.159 ms - 0[0m
[0mGET /api/admin/users/1 [36m304 [0m24.140 ms - -[0m
[0mGET /api/admin/users/count [36m304 [0m14.699 ms - -[0m
[0mGET /api/admin/users/1 [36m304 [0m32.527 ms - -[0m
[0mOPTIONS /api/admin/users/1 [32m204 [0m0.169 ms - 0[0m
[0mOPTIONS /api/admin/users/count [32m204 [0m0.148 ms - 0[0m
[0mGET /api/admin/users/count [36m304 [0m28.304 ms - -[0m
[0mGET /api/admin/users/1 [36m304 [0m31.819 ms - -[0m
[0mOPTIONS /api/admin/users/2 [32m204 [0m0.149 ms - 0[0m
[0mOPTIONS /api/admin/users/2 [32m204 [0m0.147 ms - 0[0m
[0mOPTIONS /api/admin/users/2 [32m204 [0m0.159 ms - 0[0m
[0mOPTIONS /api/admin/users/2 [32m204 [0m0.136 ms - 0[0m
[0mOPTIONS /api/admin/users/2 [32m204 [0m0.175 ms - 0[0m
[0mOPTIONS /api/admin/users/2 [32m204 [0m0.185 ms - 0[0m
[0mOPTIONS /api/admin/users/2 [32m204 [0m0.166 ms - 0[0m
[0mOPTIONS /api/admin/users/2 [32m204 [0m0.149 ms - 0[0m
[0mOPTIONS /api/admin/users/2 [32m204 [0m0.157 ms - 0[0m
[0mOPTIONS /api/admin/users/2 [32m204 [0m0.163 ms - 0[0m
[0mOPTIONS /api/admin/users/2 [32m204 [0m0.162 ms - 0[0m
[0mOPTIONS /api/admin/users/2 [32m204 [0m0.150 ms - 0[0m
[0mOPTIONS /api/admin/users/2 [32m204 [0m0.157 ms - 0[0m
[0mOPTIONS /api/admin/users/2 [32m204 [0m0.150 ms - 0[0m
[0mOPTIONS /api/admin/users/2 [32m204 [0m0.207 ms - 0[0m
[0mOPTIONS /api/admin/users/2 [32m204 [0m0.322 ms - 0[0m
[0mOPTIONS /api/admin/users/2 [32m204 [0m0.150 ms - 0[0m
[0mOPTIONS /api/admin/users/2 [32m204 [0m0.163 ms - 0[0m
[0mGET /api/admin/users/2 [36m304 [0m19.177 ms - -[0m
[0mGET /api/admin/users/2 [36m304 [0m17.036 ms - -[0m
[0mGET /api/admin/users/2 [36m304 [0m16.116 ms - -[0m
[0mGET /api/admin/users/2 [36m304 [0m18.192 ms - -[0m
[0mGET /api/admin/users/2 [36m304 [0m15.662 ms - -[0m
[0mGET /api/admin/users/2 [36m304 [0m14.044 ms - -[0m
[0mGET /api/admin/users/2 [36m304 [0m16.965 ms - -[0m
[0mGET /api/admin/users/2 [36m304 [0m15.107 ms - -[0m
[0mGET /api/admin/users/2 [36m304 [0m14.158 ms - -[0m
[0mGET /api/admin/users/2 [36m304 [0m13.944 ms - -[0m
[0mGET /api/admin/users/2 [36m304 [0m17.791 ms - -[0m
[0mGET /api/admin/users/2 [36m304 [0m17.236 ms - -[0m
[0mGET /api/admin/users/2 [36m304 [0m17.988 ms - -[0m
[0mGET /api/admin/users/2 [36m304 [0m16.630 ms - -[0m
[0mGET /api/admin/users/2 [36m304 [0m18.087 ms - -[0m
[0mGET /api/admin/users/2 [36m304 [0m16.724 ms - -[0m
[0mGET /api/admin/users/2 [36m304 [0m16.980 ms - -[0m
[0mGET /api/admin/users/2 [36m304 [0m16.464 ms - -[0m
[0mOPTIONS /api/admin/users/1 [32m204 [0m0.134 ms - 0[0m
[0mOPTIONS /api/admin/users/count [32m204 [0m0.134 ms - 0[0m
[0mGET /api/admin/users/count [36m304 [0m31.222 ms - -[0m
[0mGET /api/admin/users/1 [36m304 [0m36.259 ms - -[0m
[0mOPTIONS /api/admin/users/1 [32m204 [0m0.215 ms - 0[0m
[0mOPTIONS /api/admin/users/count [32m204 [0m0.144 ms - 0[0m
[0mGET /api/admin/users/1 [36m304 [0m29.859 ms - -[0m
[0mGET /api/admin/users/count [36m304 [0m23.257 ms - -[0m
[0mOPTIONS /api/admin/users/1 [32m204 [0m0.120 ms - 0[0m
[0mOPTIONS /api/admin/users/count [32m204 [0m0.081 ms - 0[0m
[0mGET /api/admin/users/count [36m304 [0m19.640 ms - -[0m
[0mGET /api/admin/users/1 [36m304 [0m26.204 ms - -[0m
[0mOPTIONS /api/admin/users/1 [32m204 [0m0.190 ms - 0[0m
[0mOPTIONS /api/admin/users/count [32m204 [0m0.129 ms - 0[0m
[0mGET /api/admin/users/1 [36m304 [0m27.764 ms - -[0m
[0mGET /api/admin/users/count [36m304 [0m23.601 ms - -[0m
[0mOPTIONS /api/admin/users/2 [32m204 [0m0.111 ms - 0[0m
[0mOPTIONS /api/admin/users/2 [32m204 [0m0.162 ms - 0[0m
[0mOPTIONS /api/admin/users/2 [32m204 [0m0.162 ms - 0[0m
[0mOPTIONS /api/admin/users/2 [32m204 [0m0.144 ms - 0[0m
[0mOPTIONS /api/admin/users/2 [32m204 [0m0.151 ms - 0[0m
[0mOPTIONS /api/admin/users/2 [32m204 [0m0.153 ms - 0[0m
[0mOPTIONS /api/admin/users/2 [32m204 [0m0.148 ms - 0[0m
[0mOPTIONS /api/admin/users/2 [32m204 [0m0.155 ms - 0[0m
[0mOPTIONS /api/admin/users/2 [32m204 [0m0.195 ms - 0[0m
[0mOPTIONS /api/admin/users/2 [32m204 [0m0.150 ms - 0[0m
[0mOPTIONS /api/admin/users/2 [32m204 [0m0.150 ms - 0[0m
[0mGET /api/admin/users/2 [36m304 [0m20.876 ms - -[0m
[0mGET /api/admin/users/2 [36m304 [0m21.104 ms - -[0m
[0mGET /api/admin/users/2 [36m304 [0m20.131 ms - -[0m
[0mGET /api/admin/users/2 [36m304 [0m21.086 ms - -[0m
[0mGET /api/admin/users/2 [36m304 [0m18.298 ms - -[0m
[0mGET /api/admin/users/2 [36m304 [0m16.323 ms - -[0m
[0mGET /api/admin/users/2 [36m304 [0m19.638 ms - -[0m
[0mGET /api/admin/users/2 [36m304 [0m18.942 ms - -[0m
[0mGET /api/admin/users/2 [36m304 [0m18.174 ms - -[0m
[0mGET /api/admin/users/2 [36m304 [0m18.283 ms - -[0m
[0mGET /api/admin/users/2 [36m304 [0m19.930 ms - -[0m
[0mGET /api/admin/users/2 [36m304 [0m18.858 ms - -[0m
[0mOPTIONS /api/admin/users/1 [32m204 [0m0.110 ms - 0[0m
[0mOPTIONS /api/admin/users/count [32m204 [0m0.127 ms - 0[0m
[0mGET /api/admin/users/1 [36m304 [0m32.600 ms - -[0m
[0mGET /api/admin/users/count [36m304 [0m27.957 ms - -[0m
[0mOPTIONS /api/admin/users/1 [32m204 [0m0.149 ms - 0[0m
[0mOPTIONS /api/admin/users/count [32m204 [0m0.151 ms - 0[0m
[0mGET /api/admin/users/1 [36m304 [0m26.444 ms - -[0m
[0mGET /api/admin/users/count [36m304 [0m10.997 ms - -[0m
[0mOPTIONS /api/admin/users/1 [32m204 [0m0.160 ms - 0[0m
[0mOPTIONS /api/admin/users/count [32m204 [0m0.130 ms - 0[0m
[0mGET /api/admin/users/count [36m304 [0m28.439 ms - -[0m
[0mGET /api/admin/users/1 [36m304 [0m31.189 ms - -[0m
[0mOPTIONS /api/admin/users/1 [32m204 [0m0.176 ms - 0[0m
[0mOPTIONS /api/admin/users/count [32m204 [0m0.143 ms - 0[0m
[0mGET /api/admin/users/1 [36m304 [0m25.227 ms - -[0m
[0mGET /api/admin/users/count [36m304 [0m15.762 ms - -[0m
[0mOPTIONS /api/admin/users/1 [32m204 [0m0.155 ms - 0[0m
[0mOPTIONS /api/admin/users/count [32m204 [0m0.156 ms - 0[0m
[0mGET /api/admin/users/count [36m304 [0m21.513 ms - -[0m
[0mGET /api/admin/users/1 [36m304 [0m43.237 ms - -[0m
[0mOPTIONS /api/admin/users/1 [32m204 [0m0.172 ms - 0[0m
[0mOPTIONS /api/admin/users/count [32m204 [0m0.154 ms - 0[0m
[0mGET /api/admin/users/1 [36m304 [0m26.409 ms - -[0m
[0mGET /api/admin/users/count [36m304 [0m11.374 ms - -[0m
[0mGET /api/admin/users/count [36m304 [0m29.367 ms - -[0m
[0mGET /api/admin/users/1 [36m304 [0m34.528 ms - -[0m
[0mOPTIONS /api/admin/users/1 [32m204 [0m0.145 ms - 0[0m
[0mOPTIONS /api/admin/users/count [32m204 [0m0.127 ms - 0[0m
[0mGET /api/admin/users/count [36m304 [0m32.557 ms - -[0m
[0mGET /api/admin/users/1 [36m304 [0m37.207 ms - -[0m
[0mOPTIONS /api/admin/users/1 [32m204 [0m0.150 ms - 0[0m
[0mOPTIONS /api/admin/users/count [32m204 [0m0.141 ms - 0[0m
[0mGET /api/admin/users/count [36m304 [0m20.653 ms - -[0m
[0mGET /api/admin/users/1 [36m304 [0m23.880 ms - -[0m
[0mOPTIONS /api/admin/users/1 [32m204 [0m0.153 ms - 0[0m
[0mOPTIONS /api/admin/users/count [32m204 [0m0.154 ms - 0[0m
[0mGET /api/admin/users/1 [36m304 [0m25.034 ms - -[0m
[0mGET /api/admin/users/count [36m304 [0m14.345 ms - -[0m
[0mOPTIONS /api/admin/users/1 [32m204 [0m0.154 ms - 0[0m
[0mOPTIONS /api/admin/users/count [32m204 [0m0.117 ms - 0[0m
[0mGET /api/admin/users/1 [36m304 [0m42.127 ms - -[0m
[0mGET /api/admin/users/count [36m304 [0m48.510 ms - -[0m
[0mOPTIONS /api/admin/users/1 [32m204 [0m0.151 ms - 0[0m
[0mOPTIONS /api/admin/users/count [32m204 [0m0.154 ms - 0[0m
[0mGET /api/admin/users/1 [36m304 [0m24.465 ms - -[0m
[0mGET /api/admin/users/count [36m304 [0m99.007 ms - -[0m
[0mOPTIONS /api/admin/users/1 [32m204 [0m0.173 ms - 0[0m
[0mOPTIONS /api/admin/users/count [32m204 [0m0.158 ms - 0[0m
[0mOPTIONS /api/admin/users/1 [32m204 [0m0.157 ms - 0[0m
[0mGET /api/admin/users/count [36m304 [0m31.557 ms - -[0m
[0mGET /api/admin/users/1 [36m304 [0m35.222 ms - -[0m
[0mGET /api/admin/users/1 [36m304 [0m24.705 ms - -[0m
[0mOPTIONS /api/admin/users/1 [32m204 [0m0.141 ms - 0[0m
[0mOPTIONS /api/admin/users/count [32m204 [0m0.150 ms - 0[0m
[0mGET /api/admin/users/1 [36m304 [0m28.867 ms - -[0m
[0mGET /api/admin/users/count [36m304 [0m26.821 ms - -[0m
[0mGET /api/admin/users/count [36m304 [0m23.625 ms - -[0m
[0mGET /api/admin/users/1 [36m304 [0m33.903 ms - -[0m
[0mOPTIONS /api/admin/users/2 [32m204 [0m0.149 ms - 0[0m
[0mOPTIONS /api/admin/users/2 [32m204 [0m0.141 ms - 0[0m
[0mOPTIONS /api/admin/users/2 [32m204 [0m0.196 ms - 0[0m
[0mGET /api/admin/users/2 [36m304 [0m23.415 ms - -[0m
[0mGET /api/admin/users/2 [36m304 [0m16.910 ms - -[0m
[0mGET /api/admin/users/2 [36m304 [0m15.724 ms - -[0m
[0mOPTIONS /api/admin/users/1 [32m204 [0m0.134 ms - 0[0m
[0mOPTIONS /api/admin/users/count [32m204 [0m1.254 ms - 0[0m
[0mGET /api/admin/users/1 [36m304 [0m25.249 ms - -[0m
[0mGET /api/admin/users/count [36m304 [0m49.484 ms - -[0m
[0mOPTIONS /api/admin/users/2 [32m204 [0m0.169 ms - 0[0m
[0mGET /api/admin/users/2 [36m304 [0m21.205 ms - -[0m
[0mOPTIONS /api/admin/users/1 [32m204 [0m0.144 ms - 0[0m
[0mOPTIONS /api/admin/users/count [32m204 [0m0.159 ms - 0[0m
[0mOPTIONS /api/admin/users/1 [32m204 [0m0.179 ms - 0[0m
[0mGET /api/admin/users/1 [36m304 [0m28.619 ms - -[0m
[0mGET /api/admin/users/count [36m304 [0m13.875 ms - -[0m
[0mGET /api/admin/users/1 [36m304 [0m30.031 ms - -[0m
[0mGET /api/admin/users/2 [36m304 [0m35.085 ms - -[0m
[0mOPTIONS /api/admin/users/1 [32m204 [0m0.158 ms - 0[0m
[0mOPTIONS /api/admin/users/count [32m204 [0m0.146 ms - 0[0m
[0mGET /api/admin/users/1 [36m304 [0m140.065 ms - -[0m
[0mGET /api/admin/users/count [36m304 [0m695.584 ms - -[0m
[0mOPTIONS /api/admin/users/2 [32m204 [0m0.187 ms - 0[0m
[0mGET /api/admin/users/2 [36m304 [0m20.684 ms - -[0m
[0mOPTIONS /api/admin/users/1 [32m204 [0m0.161 ms - 0[0m
[0mOPTIONS /api/admin/users/count [32m204 [0m0.148 ms - 0[0m
[0mGET /api/admin/users/1 [36m304 [0m25.548 ms - -[0m
[0mGET /api/admin/users/count [36m304 [0m12.496 ms - -[0m
[0mOPTIONS /api/admin/users/1 [32m204 [0m0.168 ms - 0[0m
[0mOPTIONS /api/admin/users/count [32m204 [0m0.160 ms - 0[0m
[0mGET /api/admin/users/count [36m304 [0m30.392 ms - -[0m
[0mGET /api/admin/users/1 [36m304 [0m35.863 ms - -[0m
[0mGET /api/admin/users/1 [36m304 [0m24.717 ms - -[0m
[0mGET /api/admin/users/count [36m304 [0m15.165 ms - -[0m
[0mOPTIONS /api/admin/users/1 [32m204 [0m0.129 ms - 0[0m
[0mOPTIONS /api/admin/users/count [32m204 [0m0.158 ms - 0[0m
[0mGET /api/admin/users/count [36m304 [0m31.576 ms - -[0m
[0mGET /api/admin/users/1 [36m304 [0m38.237 ms - -[0m
[0mOPTIONS /api/admin/users/2 [32m204 [0m0.157 ms - 0[0m
[0mGET /api/admin/users/2 [36m304 [0m36.286 ms - -[0m
[0mOPTIONS /api/admin/users/1 [32m204 [0m0.191 ms - 0[0m
[0mOPTIONS /api/admin/users/count [32m204 [0m0.184 ms - 0[0m
[0mGET /api/admin/users/count [36m304 [0m30.197 ms - -[0m
[0mGET /api/admin/users/1 [36m304 [0m39.407 ms - -[0m
[0mOPTIONS /api/admin/users/2 [32m204 [0m0.369 ms - 0[0m
[0mGET /api/admin/users/2 [36m304 [0m232.624 ms - -[0m
[0mOPTIONS /api/admin/users/1 [32m204 [0m0.270 ms - 0[0m
[0mOPTIONS /api/admin/users/count [32m204 [0m0.159 ms - 0[0m
[0mGET /api/admin/users/count [36m304 [0m26.025 ms - -[0m
[0mGET /api/admin/users/1 [36m304 [0m35.968 ms - -[0m
[0mOPTIONS /api/admin/users/2 [32m204 [0m0.174 ms - 0[0m
[0mGET /api/admin/users/2 [36m304 [0m21.747 ms - -[0m
[0mOPTIONS /api/admin/users/1 [32m204 [0m1.045 ms - 0[0m
[0mOPTIONS /api/admin/users/count [32m204 [0m0.139 ms - 0[0m
[0mGET /api/admin/users/count [36m304 [0m3118.941 ms - -[0m
[0mGET /api/admin/users/1 [36m304 [0m4140.491 ms - -[0m
[0mOPTIONS /api/admin/users/2 [32m204 [0m0.206 ms - 0[0m
[0mGET /api/admin/users/2 [36m304 [0m9.761 ms - -[0m
[0mOPTIONS /api/admin/users/1 [32m204 [0m0.195 ms - 0[0m
[0mOPTIONS /api/admin/users/count [32m204 [0m0.159 ms - 0[0m
[0mGET /api/admin/users/1 [36m304 [0m18.819 ms - -[0m
[0mGET /api/admin/users/count [36m304 [0m33.442 ms - -[0m
[0mOPTIONS /api/admin/users/1 [32m204 [0m0.181 ms - 0[0m
[0mOPTIONS /api/admin/users/count [32m204 [0m0.152 ms - 0[0m
[0mGET /api/admin/users/1 [36m304 [0m15.211 ms - -[0m
[0mGET /api/admin/users/count [36m304 [0m27.751 ms - -[0m
[0mOPTIONS /api/auth/signin [32m204 [0m4.737 ms - 0[0m
[0mPOST /api/auth/signin [33m401 [0m12088.282 ms - 84[0m
